2026-05-26 13:08:44, MOVE, v:1, k:ed@cercado, mode:PICK
2026-05-26 13:08:48, EXEC, v:1, k:ed@cercado, mode:FULL, rate:33, size:57
2026-05-26 13:11:40, EXEC, v:1, k:ed@cercado, mode:FULL, size:66, fail:COMP
2026-05-26 13:11:40, EXEC, v:1, k:ed@cercado, mode:FULL, size:66, fail:COMP
2026-05-26 13:15:18, MOVE, v:1, k:ed@cercado, mode:PICK
2026-05-26 13:15:19, EXEC, v:1, k:ed@cercado, mode:FULL, rate:33, size:68
2026-05-26 13:15:19, MOVE, v:1, k:ed@cercado, mode:EDIT
2026-05-26 13:20:08, MOVE, v:1, k:ed@cercado, mode:EDIT
2026-05-26 13:20:40, EXEC, v:1, k:ed@cercado, mode:FULL, rate:100, size:78
2026-05-26 13:20:51, MOVE, v:1, k:ed@cercado, mode:BACK
2026-05-26 13:21:31, SELF, v:1, k:ed@cercado, self:1, rate:100, study:180, friend:Daniel, concept:1, problem:1
2026-05-26 13:22:39, SELF, v:1, k:ed@dfs_read, self:1, rate:100, study:30
2026-05-26 13:20:39, MOVE, v:1, k:ed@cercado, mode:EDIT
2026-05-26 13:20:40, MOVE, v:1, k:ed@cercado, mode:EDIT
2026-05-26 13:25:48, SELF, v:1, k:ed@ilhas, self:1, rate:100, study:40, guided:1
2026-05-26 13:28:19, MOVE, v:1, k:ed@chaves, mode:DOWN
2026-05-26 13:28:20, MOVE, v:1, k:ed@chaves, mode:PICK
2026-05-26 13:28:21, EXEC, v:1, k:ed@chaves, mode:FULL, rate:0, size:47
2026-05-26 13:28:19, MOVE, v:1, k:ed@chaves, mode:EDIT
2026-05-26 13:28:19, MOVE, v:1, k:ed@chaves, mode:EDIT
2026-05-26 13:28:19, MOVE, v:1, k:ed@chaves, mode:EDIT
2026-05-26 13:28:19, MOVE, v:1, k:ed@chaves, mode:EDIT
2026-05-26 13:28:21, MOVE, v:1, k:ed@chaves, mode:EDIT
2026-05-26 13:35:12, MOVE, v:1, k:ed@chaves, mode:EDIT
2026-05-26 13:38:04, MOVE, v:1, k:ed@chaves, mode:BACK
2026-05-26 13:39:38, MOVE, v:1, k:ed@chaves, mode:PICK
2026-05-26 13:39:39, EXEC, v:1, k:ed@chaves, mode:FULL, size:54, fail:COMP
2026-05-26 13:39:40, EXEC, v:1, k:ed@chaves, mode:FULL, fail:COMP
2026-05-26 13:39:44, MOVE, v:1, k:ed@chaves, mode:BACK
2026-05-26 13:40:02, MOVE, v:1, k:ed@chaves, mode:PICK
2026-05-26 13:40:02, EXEC, v:1, k:ed@chaves, mode:FULL, fail:COMP
2026-05-26 13:40:12, MOVE, v:1, k:ed@chaves, mode:EDIT
2026-05-26 13:40:25, EXEC, v:1, k:ed@chaves, mode:FULL, rate:0, size:54
2026-05-26 13:42:02, MOVE, v:1, k:ed@chaves, mode:EDIT
2026-05-26 13:40:25, MOVE, v:1, k:ed@chaves, mode:EDIT
2026-05-26 13:49:46, MOVE, v:1, k:ed@chaves, mode:BACK
2026-05-26 13:49:48, MOVE, v:1, k:ed@chaves, mode:PICK
2026-05-26 13:49:50, EXEC, v:1, k:ed@chaves, mode:FULL, size:54, fail:COMP
2026-05-26 13:49:54, EXEC, v:1, k:ed@chaves, mode:FULL, rate:0, size:54
2026-05-26 13:49:55, MOVE, v:1, k:ed@chaves, mode:BACK
2026-05-26 13:49:57, MOVE, v:1, k:ed@chaves, mode:PICK
2026-05-26 13:49:54, MOVE, v:1, k:ed@chaves, mode:EDIT
2026-05-26 13:49:54, MOVE, v:1, k:ed@chaves, mode:EDIT
2026-05-26 13:53:28, EXEC, v:1, k:ed@chaves, mode:FULL, rate:0, size:55
2026-05-26 13:55:07, MOVE, v:1, k:ed@chaves, mode:EDIT
2026-05-26 13:53:28, MOVE, v:1, k:ed@chaves, mode:EDIT
2026-05-26 13:56:02, MOVE, v:1, k:ed@chaves, mode:BACK
2026-05-26 13:56:04, MOVE, v:1, k:ed@chaves, mode:PICK
2026-05-26 13:56:04, EXEC, v:1, k:ed@chaves, mode:FULL, size:55, fail:COMP
2026-05-26 13:59:35, MOVE, v:1, k:ed@chaves, mode:EDIT
2026-05-26 14:03:54, EXEC, v:1, k:ed@chaves, mode:FULL, rate:0, size:56
2026-05-26 14:04:12, EXEC, v:1, k:ed@chaves, mode:FULL, rate:0, size:56
2026-05-26 14:04:48, EXEC, v:1, k:ed@chaves, mode:FULL, rate:0, size:56
2026-05-26 14:04:53, EXEC, v:1, k:ed@chaves, mode:FULL, rate:0, size:56
2026-05-26 14:05:11, MOVE, v:1, k:ed@chaves, mode:EDIT
2026-05-26 14:04:53, MOVE, v:1, k:ed@chaves, mode:EDIT
2026-05-26 14:08:02, MOVE, v:1, k:ed@chaves, mode:EDIT
2026-05-26 14:12:53, EXEC, v:1, k:ed@chaves, mode:FULL, rate:0, size:63
2026-05-26 14:13:13, EXEC, v:1, k:ed@chaves, mode:FULL, rate:0, size:63
2026-05-26 14:13:29, EXEC, v:1, k:ed@chaves, mode:FULL, rate:0, size:63
2026-05-26 14:14:23, EXEC, v:1, k:ed@chaves, mode:FULL, rate:0, size:63
2026-05-26 14:14:22, MOVE, v:1, k:ed@chaves, mode:EDIT
2026-05-26 14:14:23, MOVE, v:1, k:ed@chaves, mode:EDIT
2026-05-26 14:16:38, EXEC, v:1, k:ed@chaves, mode:FULL, rate:0
2026-05-26 14:18:03, MOVE, v:1, k:ed@chaves, mode:BACK
2026-05-26 14:18:05, MOVE, v:1, k:ed@chaves, mode:PICK
2026-05-26 14:18:06, EXEC, v:1, k:ed@chaves, mode:FULL, rate:0
2026-05-26 14:18:05, MOVE, v:1, k:ed@chaves, mode:EDIT
2026-05-26 14:19:57, MOVE, v:1, k:ed@chaves, mode:EDIT
2026-05-26 14:21:34, EXEC, v:1, k:ed@chaves, mode:FULL, rate:0, size:68
2026-05-26 14:22:36, EXEC, v:1, k:ed@chaves, mode:FULL, rate:0, size:70
2026-05-26 14:22:32, MOVE, v:1, k:ed@chaves, mode:EDIT
2026-05-26 14:22:36, MOVE, v:1, k:ed@chaves, mode:EDIT
2026-05-26 14:30:10, MOVE, v:1, k:ed@chaves, mode:EDIT
2026-05-26 14:35:16, MOVE, v:1, k:ed@chaves, mode:EDIT
2026-05-26 14:39:49, MOVE, v:1, k:ed@chaves, mode:EDIT
2026-05-26 14:44:06, MOVE, v:1, k:ed@chaves, mode:EDIT
2026-05-26 14:45:13, MOVE, v:1, k:ed@chaves, mode:EDIT
2026-05-26 14:47:39, EXEC, v:1, k:ed@chaves, mode:FULL, rate:0, size:86
2026-05-26 14:48:10, MOVE, v:1, k:ed@chaves, mode:BACK
2026-05-26 14:48:13, MOVE, v:1, k:ed@chaves, mode:PICK
2026-05-26 14:48:14, EXEC, v:1, k:ed@chaves, mode:FULL, rate:0
2026-05-26 14:48:33, EXEC, v:1, k:ed@chaves, mode:FULL, size:86, fail:COMP
2026-05-26 14:48:42, EXEC, v:1, k:ed@chaves, mode:FULL, rate:0, size:85
2026-05-26 14:50:09, MOVE, v:1, k:ed@chaves, mode:EDIT
2026-05-26 14:48:42, MOVE, v:1, k:ed@chaves, mode:EDIT
2026-05-26 14:50:22, EXEC, v:1, k:ed@chaves, mode:FULL, rate:0, size:84
2026-05-26 14:50:51, EXEC, v:1, k:ed@chaves, mode:FULL, rate:0, size:85
2026-05-26 14:51:19, EXEC, v:1, k:ed@chaves, mode:FREE
2026-05-26 14:51:36, EXEC, v:1, k:ed@chaves, mode:FREE, size:85
2026-05-26 14:54:45, MOVE, v:1, k:ed@chaves, mode:EDIT
2026-05-26 14:53:17, MOVE, v:1, k:ed@chaves, mode:EDIT
2026-05-26 15:00:14, MOVE, v:1, k:ed@chaves, mode:EDIT
2026-05-26 15:01:01, MOVE, v:1, k:ed@chaves, mode:PICK
2026-05-26 15:01:02, EXEC, v:1, k:ed@chaves, mode:FULL, rate:0, size:87
2026-05-26 15:01:02, MOVE, v:1, k:ed@chaves, mode:EDIT
2026-05-26 15:05:53, MOVE, v:1, k:ed@chaves, mode:EDIT
2026-05-26 15:10:25, MOVE, v:1, k:ed@chaves, mode:EDIT
2026-05-26 15:15:58, MOVE, v:1, k:ed@chaves, mode:EDIT
2026-05-26 15:16:29, EXEC, v:1, k:ed@chaves, mode:FULL, rate:0, size:89
2026-05-26 15:17:13, EXEC, v:1, k:ed@chaves, mode:FULL, rate:0, size:90
2026-05-26 15:17:24, EXEC, v:1, k:ed@chaves, mode:FULL, rate:0, size:90
2026-05-26 15:18:52, MOVE, v:1, k:ed@chaves, mode:BACK
2026-05-26 15:17:23, MOVE, v:1, k:ed@chaves, mode:EDIT
2026-05-26 15:17:24, MOVE, v:1, k:ed@chaves, mode:EDIT
2026-05-26 16:29:16, MOVE, v:1, k:ed@chaves, mode:PICK
2026-05-26 16:29:17, EXEC, v:1, k:ed@chaves, mode:FULL, rate:0
2026-05-26 16:29:17, MOVE, v:1, k:ed@chaves, mode:EDIT
2026-05-26 16:30:22, MOVE, v:1, k:ed@chaves, mode:EDIT
2026-05-26 16:34:05, MOVE, v:1, k:ed@chaves, mode:EDIT
2026-05-26 16:34:13, EXEC, v:1, k:ed@chaves, mode:FULL, rate:0, size:78
2026-05-26 16:35:12, EXEC, v:1, k:ed@chaves, mode:FULL, rate:0, size:80
2026-05-26 16:35:11, MOVE, v:1, k:ed@chaves, mode:EDIT
2026-05-26 16:35:12, MOVE, v:1, k:ed@chaves, mode:EDIT
2026-05-26 16:45:40, EXEC, v:1, k:ed@chaves, mode:FULL, rate:0
2026-05-26 16:45:41, MOVE, v:1, k:ed@chaves, mode:BACK
2026-05-26 16:45:43, MOVE, v:1, k:ed@chaves, mode:PICK
2026-05-26 16:45:44, EXEC, v:1, k:ed@chaves, mode:FULL, rate:0
2026-05-26 16:46:40, EXEC, v:1, k:ed@chaves, mode:FULL, rate:0, size:77
2026-05-26 16:46:50, EXEC, v:1, k:ed@chaves, mode:FULL, rate:0, size:77
2026-05-26 16:47:17, EXEC, v:1, k:ed@chaves, mode:FULL, rate:100, size:77
2026-05-26 16:47:19, MOVE, v:1, k:ed@chaves, mode:BACK
2026-05-26 16:47:52, SELF, v:1, k:ed@chaves, self:1, rate:100, study:140, concept:1
2026-05-26 16:48:05, MOVE, v:1, k:ed@chaves, mode:PICK
2026-05-26 16:48:06, EXEC, v:1, k:ed@chaves, mode:FULL, rate:100
2026-05-26 16:48:07, EXEC, v:1, k:ed@chaves, mode:FULL, rate:100
2026-05-26 16:48:08, MOVE, v:1, k:ed@chaves, mode:BACK
2026-05-26 16:48:07, MOVE, v:1, k:ed@chaves, mode:EDIT
2026-05-26 16:47:16, MOVE, v:1, k:ed@chaves, mode:EDIT
2026-05-26 16:55:12, MOVE, v:1, k:ed@magicsearch, mode:DOWN
2026-05-26 16:55:13, MOVE, v:1, k:ed@magicsearch, mode:PICK
2026-05-26 16:55:25, EXEC, v:1, k:ed@magicsearch, mode:FULL, rate:30, size:30
2026-05-26 16:55:35, EXEC, v:1, k:ed@magicsearch, mode:FULL, rate:30
2026-05-26 16:55:11, MOVE, v:1, k:ed@magicsearch, mode:EDIT
2026-05-26 16:55:12, MOVE, v:1, k:ed@magicsearch, mode:EDIT
2026-05-26 16:59:11, MOVE, v:1, k:ed@magicsearch, mode:EDIT
2026-05-26 16:55:35, MOVE, v:1, k:ed@magicsearch, mode:EDIT
2026-05-26 17:00:50, EXEC, v:1, k:ed@magicsearch, mode:FULL, rate:0, size:45
2026-05-26 17:00:51, EXEC, v:1, k:ed@magicsearch, mode:FULL, rate:0
2026-05-26 17:04:11, MOVE, v:1, k:ed@magicsearch, mode:EDIT
2026-05-26 17:00:51, MOVE, v:1, k:ed@magicsearch, mode:EDIT
2026-05-26 17:09:04, MOVE, v:1, k:ed@magicsearch, mode:EDIT
2026-05-26 17:13:54, MOVE, v:1, k:ed@magicsearch, mode:EDIT
2026-05-26 17:15:39, EXEC, v:1, k:ed@magicsearch, mode:FULL, rate:10, size:57
2026-05-26 17:18:00, MOVE, v:1, k:ed@magicsearch, mode:EDIT
2026-05-26 17:15:39, MOVE, v:1, k:ed@magicsearch, mode:EDIT
2026-05-26 17:20:00, EXEC, v:1, k:ed@magicsearch, mode:FULL, rate:10, size:59
2026-05-26 17:22:39, EXEC, v:1, k:ed@magicsearch, mode:FULL, rate:10, size:47
2026-05-26 17:24:08, EXEC, v:1, k:ed@magicsearch, mode:FULL, rate:10, size:53
2026-05-26 17:24:07, MOVE, v:1, k:ed@magicsearch, mode:EDIT
2026-05-26 17:24:08, MOVE, v:1, k:ed@magicsearch, mode:EDIT
2026-05-26 17:24:35, EXEC, v:1, k:ed@magicsearch, mode:FULL, rate:20, size:56
2026-05-26 17:25:25, EXEC, v:1, k:ed@magicsearch, mode:FULL, rate:10, size:57
2026-05-26 17:25:37, MOVE, v:1, k:ed@magicsearch, mode:PICK
2026-05-26 17:25:38, EXEC, v:1, k:ed@magicsearch, mode:FULL, rate:10
2026-05-26 17:25:38, MOVE, v:1, k:ed@magicsearch, mode:EDIT
2026-05-26 17:30:32, MOVE, v:1, k:ed@magicsearch, mode:EDIT
2026-05-26 17:31:15, EXEC, v:1, k:ed@magicsearch, mode:FULL, rate:10, size:60
2026-05-26 17:31:16, EXEC, v:1, k:ed@magicsearch, mode:FULL, rate:10
2026-05-26 17:31:18, EXEC, v:1, k:ed@magicsearch, mode:FULL, rate:10
2026-05-26 17:35:23, EXEC, v:1, k:ed@magicsearch, mode:FULL, rate:10, size:67
2026-05-26 17:35:23, MOVE, v:1, k:ed@magicsearch, mode:EDIT
2026-05-26 17:35:23, MOVE, v:1, k:ed@magicsearch, mode:EDIT
2026-05-26 17:36:50, EXEC, v:1, k:ed@magicsearch, mode:FULL, rate:10, size:67
2026-05-26 17:39:26, MOVE, v:1, k:ed@magicsearch, mode:BACK
2026-05-26 17:42:54, MOVE, v:1, k:sandbox@user_001, mode:PICK
2026-05-26 17:42:57, EXEC, v:1, k:sandbox@user_001, mode:LOCK, rate:0
2026-05-26 17:43:36, MOVE, v:1, k:sandbox@user_001, mode:BACK
2026-05-26 17:42:57, MOVE, v:1, k:sandbox@user_001, mode:EDIT
2026-05-26 17:45:03, MOVE, v:1, k:ed@magicsearch, mode:PICK
2026-05-26 17:45:04, EXEC, v:1, k:ed@magicsearch, mode:FULL, rate:10
2026-05-26 17:46:01, EXEC, v:1, k:ed@magicsearch, mode:FULL, rate:20, size:62
2026-05-26 17:46:54, EXEC, v:1, k:ed@magicsearch, mode:FULL, rate:20, size:62
2026-05-26 17:48:21, EXEC, v:1, k:ed@magicsearch, mode:FULL, rate:40, size:65
2026-05-26 17:48:44, EXEC, v:1, k:ed@magicsearch, mode:FULL, rate:60, size:65
2026-05-26 17:48:44, MOVE, v:1, k:ed@magicsearch, mode:EDIT
2026-05-26 17:49:54, MOVE, v:1, k:ed@magicsearch, mode:EDIT
2026-05-26 17:54:56, MOVE, v:1, k:ed@magicsearch, mode:EDIT
2026-05-26 17:59:39, EXEC, v:1, k:ed@magicsearch, mode:FULL, rate:70, size:66
2026-05-26 17:59:38, MOVE, v:1, k:ed@magicsearch, mode:EDIT
2026-05-26 17:59:39, MOVE, v:1, k:ed@magicsearch, mode:EDIT
2026-05-26 18:01:41, EXEC, v:1, k:ed@magicsearch, mode:FULL, rate:100, size:75
2026-05-26 18:01:44, MOVE, v:1, k:ed@magicsearch, mode:BACK
2026-05-26 18:02:01, MOVE, v:1, k:ed@magicsearch, mode:PICK
2026-05-26 18:02:02, EXEC, v:1, k:ed@magicsearch, mode:FULL, rate:100
2026-05-26 18:01:40, MOVE, v:1, k:ed@magicsearch, mode:EDIT
2026-05-26 18:02:02, MOVE, v:1, k:ed@magicsearch, mode:EDIT
2026-05-26 18:05:14, EXEC, v:1, k:ed@magicsearch, mode:FULL, rate:100, size:76
2026-05-26 18:05:15, MOVE, v:1, k:ed@magicsearch, mode:BACK
2026-05-26 18:05:29, SELF, v:1, k:ed@magicsearch, self:1, rate:100, study:60
2026-05-26 18:05:13, MOVE, v:1, k:ed@magicsearch, mode:EDIT
2026-05-26 18:05:14, MOVE, v:1, k:ed@magicsearch, mode:EDIT
2026-05-26 19:26:26, MOVE, v:1, k:ed@cercado, mode:PICK
2026-05-26 19:26:29, EXEC, v:1, k:ed@cercado, mode:FULL, rate:100
2026-05-26 19:29:37, MOVE, v:1, k:ed@cercado, mode:BACK
2026-05-26 19:26:29, MOVE, v:1, k:ed@cercado, mode:EDIT
2026-05-26 19:34:33, MOVE, v:1, k:ed@escada, mode:DOWN
2026-05-26 19:34:33, MOVE, v:1, k:ed@escada, mode:PICK
2026-05-26 19:36:20, MOVE, v:1, k:ed@fib2, mode:PICK
2026-05-26 19:38:15, MOVE, v:1, k:ed@fib2, mode:BACK
2026-05-26 19:37:56, MOVE, v:1, k:ed@fib2, mode:EDIT
2026-05-26 19:40:49, MOVE, v:1, k:ed@fib2, mode:PICK
2026-05-26 19:40:49, EXEC, v:1, k:ed@fib2, mode:FULL, size:6, fail:COMP
2026-05-26 19:40:50, EXEC, v:1, k:ed@fib2, mode:FULL, fail:COMP
2026-05-26 19:41:24, EXEC, v:1, k:ed@fib2, mode:FULL, rate:0, size:8
2026-05-26 19:43:08, MOVE, v:1, k:ed@fib2, mode:BACK
2026-05-26 19:45:18, MOVE, v:1, k:ed@fib2, mode:EDIT
2026-05-26 19:41:23, MOVE, v:1, k:ed@fib2, mode:EDIT
2026-05-26 19:45:37, MOVE, v:1, k:ed@fib2, mode:PICK
2026-05-26 19:45:38, EXEC, v:1, k:ed@fib2, mode:FULL, size:15, fail:COMP
2026-05-26 19:45:39, EXEC, v:1, k:ed@fib2, mode:FULL, fail:COMP
2026-05-26 19:45:56, EXEC, v:1, k:ed@fib2, mode:FULL, rate:0, size:15
2026-05-26 19:45:58, EXEC, v:1, k:ed@fib2, mode:FULL, rate:0
2026-05-26 19:46:02, MOVE, v:1, k:ed@fib2, mode:BACK
2026-05-26 19:46:03, MOVE, v:1, k:ed@fib2, mode:PICK
2026-05-26 19:46:05, EXEC, v:1, k:ed@fib2, mode:FULL, rate:0
2026-05-26 19:49:39, MOVE, v:1, k:ed@fib2, mode:BACK
2026-05-26 19:47:52, MOVE, v:1, k:ed@fib2, mode:EDIT
2026-05-26 19:46:04, MOVE, v:1, k:ed@fib2, mode:EDIT
2026-05-26 19:59:08, MOVE, v:1, k:ed@fib2, mode:PICK
2026-05-26 19:59:09, EXEC, v:1, k:ed@fib2, mode:FULL, rate:0, size:18
2026-05-26 20:00:23, MOVE, v:1, k:ed@fib2, mode:EDIT
2026-05-26 19:59:09, MOVE, v:1, k:ed@fib2, mode:EDIT
2026-05-26 20:00:39, EXEC, v:1, k:ed@fib2, mode:FULL, rate:12, size:18
2026-05-26 20:01:22, EXEC, v:1, k:ed@fib2, mode:FULL, rate:7, size:15
2026-05-26 20:02:19, EXEC, v:1, k:ed@fib2, mode:FULL, rate:5, size:19
2026-05-26 20:03:24, EXEC, v:1, k:ed@fib2, mode:FULL, rate:5, size:15
2026-05-26 20:03:37, EXEC, v:1, k:ed@fib2, mode:FULL, rate:5, size:15
2026-05-26 20:03:38, MOVE, v:1, k:ed@fib2, mode:BACK
2026-05-26 20:03:44, MOVE, v:1, k:ed@fib2, mode:PICK
2026-05-26 20:03:47, EXEC, v:1, k:ed@fib2, mode:FULL, rate:5
2026-05-26 20:05:18, EXEC, v:1, k:ed@fib2, mode:FULL, rate:5, size:15
2026-05-26 20:05:16, MOVE, v:1, k:ed@fib2, mode:EDIT
2026-05-26 20:05:18, MOVE, v:1, k:ed@fib2, mode:EDIT
2026-05-26 20:05:27, EXEC, v:1, k:ed@fib2, mode:FULL, rate:5, size:15
2026-05-26 20:05:42, EXEC, v:1, k:ed@fib2, mode:FULL, rate:7, size:15
2026-05-26 20:06:00, EXEC, v:1, k:ed@fib2, mode:FULL, rate:5, size:15
2026-05-26 20:06:08, EXEC, v:1, k:ed@fib2, mode:FULL, rate:7, size:15
2026-05-26 20:06:13, EXEC, v:1, k:ed@fib2, mode:FULL, rate:12, size:15
2026-05-26 20:06:12, MOVE, v:1, k:ed@fib2, mode:EDIT
2026-05-26 20:06:13, MOVE, v:1, k:ed@fib2, mode:EDIT
