2026-05-21 12:25:30, MOVE, v:1, k:ed@prin_list1, mode:DOWN
2026-05-21 12:25:31, MOVE, v:1, k:ed@prin_list1, mode:PICK
2026-05-21 12:29:08, EXEC, v:1, k:ed@prin_list1, mode:FULL, size:172, fail:COMP
2026-05-21 12:25:30, MOVE, v:1, k:ed@prin_list1, mode:EDIT
2026-05-21 12:25:30, MOVE, v:1, k:ed@prin_list1, mode:EDIT
2026-05-21 12:25:30, MOVE, v:1, k:ed@prin_list1, mode:EDIT
2026-05-21 12:25:30, MOVE, v:1, k:ed@prin_list1, mode:EDIT
2026-05-21 12:34:35, MOVE, v:1, k:ed@prin_list1, mode:EDIT
2026-05-21 12:30:44, MOVE, v:1, k:ed@prin_list1, mode:EDIT
2026-05-21 12:39:32, MOVE, v:1, k:ed@prin_list1, mode:EDIT
2026-05-21 12:40:02, EXEC, v:1, k:ed@prin_list1, mode:FULL, rate:0, size:183
2026-05-21 12:44:35, EXEC, v:1, k:ed@prin_list1, mode:FULL, rate:0, size:188
2026-05-21 12:44:34, MOVE, v:1, k:ed@prin_list1, mode:EDIT
2026-05-21 12:44:35, MOVE, v:1, k:ed@prin_list1, mode:EDIT
2026-05-21 12:45:31, EXEC, v:1, k:ed@prin_list1, mode:FULL, rate:0, size:193
2026-05-21 12:46:38, EXEC, v:1, k:ed@prin_list1, mode:FULL, rate:0, size:191
2026-05-21 12:47:52, EXEC, v:1, k:ed@prin_list1, mode:FULL, rate:0, size:188
2026-05-21 12:49:36, EXEC, v:1, k:ed@prin_list1, mode:FULL, rate:0, size:187
2026-05-21 12:49:46, MOVE, v:1, k:ed@prin_list1, mode:EDIT
2026-05-21 12:49:36, MOVE, v:1, k:ed@prin_list1, mode:EDIT
2026-05-21 12:50:03, EXEC, v:1, k:ed@prin_list1, mode:FULL, rate:0, size:188
2026-05-21 12:53:56, EXEC, v:1, k:ed@prin_list1, mode:FULL, rate:0, size:198
2026-05-21 12:54:33, EXEC, v:1, k:ed@prin_list1, mode:FULL, rate:0, size:198
2026-05-21 12:54:42, MOVE, v:1, k:ed@prin_list1, mode:BACK
2026-05-21 12:54:33, MOVE, v:1, k:ed@prin_list1, mode:EDIT
2026-05-21 12:54:29, MOVE, v:1, k:ed@prin_list1, mode:EDIT
2026-05-21 12:54:55, MOVE, v:1, k:ed@prin_list1, mode:PICK
2026-05-21 12:54:56, EXEC, v:1, k:ed@prin_list1, mode:FULL, rate:0
2026-05-21 12:57:45, EXEC, v:1, k:ed@prin_list1, mode:FULL, rate:0, size:194
2026-05-21 12:59:29, EXEC, v:1, k:ed@prin_list1, mode:FULL, rate:0, size:193
2026-05-21 12:59:29, MOVE, v:1, k:ed@prin_list1, mode:EDIT
2026-05-21 12:59:39, MOVE, v:1, k:ed@prin_list1, mode:EDIT
2026-05-21 13:00:47, EXEC, v:1, k:ed@prin_list1, mode:FULL, rate:0, size:189
2026-05-21 13:02:12, EXEC, v:1, k:ed@prin_list1, mode:FULL, rate:100, size:192
2026-05-21 13:02:19, MOVE, v:1, k:ed@prin_list1, mode:BACK
2026-05-21 13:02:31, SELF, v:1, k:ed@prin_list1, self:1, rate:100, study:50
2026-05-21 13:03:09, MOVE, v:1, k:ed@prin_list1, mode:PICK
2026-05-21 13:03:10, EXEC, v:1, k:ed@prin_list1, mode:FULL, rate:100
2026-05-21 13:03:11, MOVE, v:1, k:ed@prin_list1, mode:BACK
2026-05-21 13:02:10, MOVE, v:1, k:ed@prin_list1, mode:EDIT
2026-05-21 13:03:10, MOVE, v:1, k:ed@prin_list1, mode:EDIT
2026-05-21 13:08:39, MOVE, v:1, k:ed@prin_list1, mode:PICK
2026-05-21 13:08:40, EXEC, v:1, k:ed@prin_list1, mode:FULL, rate:100
2026-05-21 13:08:41, MOVE, v:1, k:ed@prin_list1, mode:BACK
2026-05-21 13:09:02, MOVE, v:1, k:ed@iterador, mode:DOWN
2026-05-21 13:09:02, MOVE, v:1, k:ed@iterador, mode:PICK
2026-05-21 13:09:13, MOVE, v:1, k:ed@iterador, mode:BACK
2026-05-21 13:09:31, MOVE, v:1, k:ed@iterador, mode:PICK
2026-05-21 13:09:33, EXEC, v:1, k:ed@iterador, mode:FULL, rate:33, size:82
2026-05-21 13:08:40, MOVE, v:1, k:ed@prin_list1, mode:EDIT
2026-05-21 13:09:02, MOVE, v:1, k:ed@iterador, mode:EDIT
2026-05-21 13:09:02, MOVE, v:1, k:ed@iterador, mode:EDIT
2026-05-21 13:09:02, MOVE, v:1, k:ed@iterador, mode:EDIT
2026-05-21 13:09:02, MOVE, v:1, k:ed@iterador, mode:EDIT
2026-05-21 13:09:33, MOVE, v:1, k:ed@iterador, mode:EDIT
2026-05-21 13:14:44, MOVE, v:1, k:ed@iterador, mode:EDIT
2026-05-21 13:19:47, MOVE, v:1, k:ed@iterador, mode:EDIT
2026-05-21 13:20:38, EXEC, v:1, k:ed@iterador, mode:FULL, size:89, fail:COMP
2026-05-21 13:21:39, MOVE, v:1, k:ed@iterador, mode:EDIT
2026-05-21 13:26:56, EXEC, v:1, k:ed@iterador, mode:FULL, rate:33, size:101
2026-05-21 13:28:31, MOVE, v:1, k:ed@iterador, mode:EDIT
2026-05-21 13:26:56, MOVE, v:1, k:ed@iterador, mode:EDIT
2026-05-21 13:31:24, MOVE, v:1, k:ed@iterador, mode:BACK
2026-05-21 13:31:30, MOVE, v:1, k:ed@iterador, mode:PICK
2026-05-21 13:31:31, EXEC, v:1, k:ed@iterador, mode:FULL, rate:33, size:101
2026-05-21 13:32:44, EXEC, v:1, k:ed@iterador, mode:FULL, rate:66, size:101
2026-05-21 13:33:00, EXEC, v:1, k:ed@iterador, mode:FULL, rate:66
2026-05-21 13:34:44, MOVE, v:1, k:ed@iterador, mode:EDIT
2026-05-21 13:33:00, MOVE, v:1, k:ed@iterador, mode:EDIT
2026-05-21 13:36:48, EXEC, v:1, k:ed@iterador, mode:FULL, rate:66, size:118
2026-05-21 13:38:13, EXEC, v:1, k:ed@iterador, mode:FULL, rate:66, size:120
2026-05-21 13:39:15, EXEC, v:1, k:ed@iterador, mode:FULL, rate:66, size:120
2026-05-21 13:39:47, MOVE, v:1, k:ed@iterador, mode:EDIT
2026-05-21 13:39:15, MOVE, v:1, k:ed@iterador, mode:EDIT
2026-05-21 13:40:34, EXEC, v:1, k:ed@iterador, mode:FULL, rate:66, size:119
2026-05-21 13:41:07, EXEC, v:1, k:ed@iterador, mode:FULL, rate:66, size:120
2026-05-21 13:41:34, EXEC, v:1, k:ed@iterador, mode:FULL, rate:66, size:121
2026-05-21 13:41:41, EXEC, v:1, k:ed@iterador, mode:FULL, rate:66, size:121
2026-05-21 13:41:47, EXEC, v:1, k:ed@iterador, mode:FULL, rate:66, size:121
2026-05-21 13:41:51, EXEC, v:1, k:ed@iterador, mode:FULL, rate:66, size:121
2026-05-21 13:42:20, EXEC, v:1, k:ed@iterador, mode:FULL, rate:66, size:121
2026-05-21 13:42:31, EXEC, v:1, k:ed@iterador, mode:FULL, rate:66, size:121
2026-05-21 13:42:42, MOVE, v:1, k:ed@iterador, mode:PICK
2026-05-21 13:42:42, EXEC, v:1, k:ed@iterador, mode:FULL, rate:66
2026-05-21 13:42:50, EXEC, v:1, k:ed@iterador, mode:FULL, rate:66, size:121
2026-05-21 13:43:06, EXEC, v:1, k:ed@iterador, mode:FULL, rate:66, size:122
2026-05-21 13:43:11, EXEC, v:1, k:ed@iterador, mode:FULL, rate:66, size:121
2026-05-21 13:43:18, EXEC, v:1, k:ed@iterador, mode:FULL, rate:66, size:121
2026-05-21 13:43:32, EXEC, v:1, k:ed@iterador, mode:FULL, rate:66, size:122
2026-05-21 13:43:37, EXEC, v:1, k:ed@iterador, mode:FULL, rate:66, size:122
2026-05-21 13:43:54, EXEC, v:1, k:ed@iterador, mode:FULL, rate:66, size:122
2026-05-21 13:44:15, EXEC, v:1, k:ed@iterador, mode:FULL, rate:100, size:121
2026-05-21 13:44:21, MOVE, v:1, k:ed@iterador, mode:BACK
2026-05-21 13:44:40, SELF, v:1, k:ed@iterador, self:1, rate:100, study:40
2026-05-21 13:44:15, MOVE, v:1, k:ed@iterador, mode:EDIT
2026-05-21 13:44:20, MOVE, v:1, k:ed@iterador, mode:EDIT
2026-05-21 13:48:26, MOVE, v:1, k:ed@wordsearch, mode:PICK
2026-05-21 13:48:28, EXEC, v:1, k:ed@wordsearch, mode:FULL, rate:25, size:62
2026-05-21 13:49:13, EXEC, v:1, k:ed@wordsearch, mode:FULL, rate:25
2026-05-21 13:52:02, MOVE, v:1, k:ed@wordsearch, mode:BACK
2026-05-21 13:52:21, MOVE, v:1, k:ed@labirinto, mode:PICK
2026-05-21 13:52:22, EXEC, v:1, k:ed@labirinto, mode:FULL, rate:0
2026-05-21 13:49:13, MOVE, v:1, k:ed@wordsearch, mode:EDIT
2026-05-21 13:52:22, MOVE, v:1, k:ed@labirinto, mode:EDIT
2026-05-21 13:53:01, EXEC, v:1, k:ed@labirinto, mode:FULL, rate:0
2026-05-21 13:53:01, MOVE, v:1, k:ed@labirinto, mode:EDIT
