2026-04-24 21:05:22, MOVE, v:1, k:ed@triangulo, mode:DOWN
2026-04-24 21:05:23, MOVE, v:1, k:ed@triangulo, mode:PICK
2026-04-24 21:09:38, EXEC, v:1, k:ed@triangulo, mode:FULL, rate:0, size:56
2026-04-24 21:09:38, EXEC, v:1, k:ed@triangulo, mode:FULL, rate:0, size:56
2026-04-24 21:09:38, EXEC, v:1, k:ed@triangulo, mode:FULL, rate:0, size:56
2026-04-24 21:05:22, MOVE, v:1, k:ed@triangulo, mode:EDIT
2026-04-24 21:05:22, MOVE, v:1, k:ed@triangulo, mode:EDIT
2026-04-24 21:09:26, MOVE, v:1, k:ed@triangulo, mode:EDIT
2026-04-24 21:09:38, MOVE, v:1, k:ed@triangulo, mode:EDIT
2026-04-24 21:10:57, EXEC, v:1, k:ed@triangulo, mode:FULL, rate:0, size:56
2026-04-24 21:11:35, EXEC, v:1, k:ed@triangulo, mode:FULL, rate:0, size:56
2026-04-24 21:11:38, EXEC, v:1, k:ed@triangulo, mode:FULL, rate:0
2026-04-24 21:12:07, EXEC, v:1, k:ed@triangulo, mode:FULL, rate:100, size:56
2026-04-24 21:12:16, MOVE, v:1, k:ed@triangulo, mode:BACK
2026-04-24 21:12:29, SELF, v:1, k:ed@triangulo, self:1, rate:100, study:10
2026-04-24 21:12:47, SELF, v:1, k:ed@triangulo, self:1, rate:100, study:15
2026-04-24 21:12:47, MOVE, v:1, k:ed@triangulo, mode:PICK
2026-04-24 21:12:49, EXEC, v:1, k:ed@triangulo, mode:FULL, rate:100
2026-04-24 21:12:51, MOVE, v:1, k:ed@triangulo, mode:BACK
2026-04-24 21:14:53, MOVE, v:1, k:ed@treinando, mode:DOWN
2026-04-24 21:14:54, MOVE, v:1, k:ed@treinando, mode:PICK
2026-04-24 21:12:04, MOVE, v:1, k:ed@triangulo, mode:EDIT
2026-04-24 21:12:49, MOVE, v:1, k:ed@triangulo, mode:EDIT
2026-04-24 21:14:53, MOVE, v:1, k:ed@treinando, mode:EDIT
2026-04-24 21:14:53, MOVE, v:1, k:ed@treinando, mode:EDIT
2026-04-24 21:14:53, MOVE, v:1, k:ed@treinando, mode:EDIT
2026-04-24 21:14:55, EXEC, v:1, k:ed@treinando, mode:FULL, rate:0, size:84
2026-04-24 21:17:10, EXEC, v:1, k:ed@treinando, mode:FULL, rate:16, size:89
2026-04-24 21:17:10, MOVE, v:1, k:ed@treinando, mode:EDIT
2026-04-24 21:18:39, MOVE, v:1, k:ed@treinando, mode:EDIT
2026-04-24 21:20:11, EXEC, v:1, k:ed@treinando, mode:FULL, rate:33, size:94
2026-04-24 21:22:58, EXEC, v:1, k:ed@treinando, mode:FULL, rate:33, size:100
2026-04-24 21:22:58, MOVE, v:1, k:ed@treinando, mode:EDIT
2026-04-24 21:24:55, MOVE, v:1, k:ed@treinando, mode:EDIT
2026-04-24 21:25:53, EXEC, v:1, k:ed@treinando, mode:FULL, rate:33, size:105
2026-04-24 21:26:08, EXEC, v:1, k:ed@treinando, mode:FULL, rate:33, size:105
2026-04-24 21:26:31, EXEC, v:1, k:ed@treinando, mode:FULL, rate:66, size:105
2026-04-24 21:27:58, EXEC, v:1, k:ed@treinando, mode:FULL, rate:66, size:110
2026-04-24 21:28:06, EXEC, v:1, k:ed@treinando, mode:FULL, rate:66, size:110
2026-04-24 21:28:13, EXEC, v:1, k:ed@treinando, mode:FULL, rate:66, size:110
2026-04-24 21:29:00, EXEC, v:1, k:ed@treinando, mode:FULL, rate:66, size:110
2026-04-24 21:29:10, EXEC, v:1, k:ed@treinando, mode:FULL, rate:66, size:110
2026-04-24 21:29:26, EXEC, v:1, k:ed@treinando, mode:FULL, rate:66, size:110
2026-04-24 21:29:33, EXEC, v:1, k:ed@treinando, mode:FULL, rate:66, size:110
2026-04-24 21:29:43, EXEC, v:1, k:ed@treinando, mode:FULL, rate:66, size:110
2026-04-24 21:29:47, MOVE, v:1, k:ed@treinando, mode:EDIT
2026-04-24 21:29:43, MOVE, v:1, k:ed@treinando, mode:EDIT
2026-04-24 21:31:35, EXEC, v:1, k:ed@treinando, mode:FULL, rate:66, size:110
2026-04-24 21:31:38, EXEC, v:1, k:ed@treinando, mode:FULL, rate:66
2026-04-24 21:31:45, EXEC, v:1, k:ed@treinando, mode:FULL, rate:66, size:110
2026-04-24 21:32:17, EXEC, v:1, k:ed@treinando, mode:FULL, rate:66, size:110
2026-04-24 21:32:26, EXEC, v:1, k:ed@treinando, mode:FULL, rate:66, size:110
2026-04-24 21:32:26, MOVE, v:1, k:ed@treinando, mode:EDIT
2026-04-24 21:32:32, MOVE, v:1, k:ed@treinando, mode:EDIT
