2026-05-19 18:30:14, MOVE, v:1, k:ed@lista_d2, mode:PICK
2026-05-19 18:30:19, EXEC, v:1, k:ed@lista_d2, mode:FULL, rate:20
2026-05-19 18:30:31, EXEC, v:1, k:ed@lista_d2, mode:FULL, rate:20, size:212
2026-05-19 18:32:04, EXEC, v:1, k:ed@lista_d2, mode:FULL, rate:20
2026-05-19 18:33:57, EXEC, v:1, k:ed@lista_d2, mode:FULL, rate:20, size:212
2026-05-19 18:33:55, MOVE, v:1, k:ed@lista_d2, mode:EDIT
2026-05-19 18:34:54, MOVE, v:1, k:ed@lista_d2, mode:EDIT
2026-05-19 18:38:35, EXEC, v:1, k:ed@lista_d2, mode:FULL, rate:20, size:225
2026-05-19 18:38:32, MOVE, v:1, k:ed@lista_d2, mode:EDIT
2026-05-19 18:38:33, MOVE, v:1, k:ed@lista_d2, mode:EDIT
2026-05-19 18:41:00, EXEC, v:1, k:ed@lista_d2, mode:FULL, rate:20, size:225
2026-05-19 18:43:18, EXEC, v:1, k:ed@lista_d2, mode:FULL, rate:40, size:230
2026-05-19 18:43:56, EXEC, v:1, k:ed@lista_d2, mode:FULL, rate:40, size:230
2026-05-19 18:44:59, MOVE, v:1, k:ed@lista_d2, mode:EDIT
2026-05-19 18:43:56, MOVE, v:1, k:ed@lista_d2, mode:EDIT
2026-05-19 18:48:21, EXEC, v:1, k:ed@lista_d2, mode:FULL, rate:60, size:239
2026-05-19 18:50:05, MOVE, v:1, k:ed@lista_d2, mode:EDIT
2026-05-19 18:48:21, MOVE, v:1, k:ed@lista_d2, mode:EDIT
2026-05-19 18:52:51, EXEC, v:1, k:ed@lista_d2, mode:FULL, rate:80, size:257
2026-05-19 18:55:06, MOVE, v:1, k:ed@lista_d2, mode:EDIT
2026-05-19 18:52:51, MOVE, v:1, k:ed@lista_d2, mode:EDIT
2026-05-19 18:58:30, EXEC, v:1, k:ed@lista_d2, mode:FULL, rate:100, size:271
2026-05-19 18:58:37, MOVE, v:1, k:ed@lista_d2, mode:BACK
2026-05-19 18:58:49, SELF, v:1, k:ed@lista_d2, self:1, rate:100, study:140
2026-05-19 18:58:49, MOVE, v:1, k:ed@lista_d2, mode:PICK
2026-05-19 18:58:50, EXEC, v:1, k:ed@lista_d2, mode:FULL, rate:100
2026-05-19 18:58:51, MOVE, v:1, k:ed@lista_d2, mode:BACK
2026-05-19 18:59:32, SELF, v:1, k:ed@lista_d2, self:1, rate:100, study:200
2026-05-19 18:58:30, MOVE, v:1, k:ed@lista_d2, mode:EDIT
2026-05-19 18:58:50, MOVE, v:1, k:ed@lista_d2, mode:EDIT
