2026-07-03 02:59:00, MOVE, v:1, k:ed@soma, mode:PICK
2026-07-03 02:59:02, EXEC, v:1, k:ed@soma, mode:FULL, rate:0
2026-07-03 03:02:03, EXEC, v:1, k:ed@soma, mode:FULL, rate:42, size:85
2026-07-03 03:02:03, MOVE, v:1, k:ed@soma, mode:EDIT
2026-07-03 03:02:49, MOVE, v:1, k:ed@soma, mode:EDIT
2026-07-03 03:05:24, EXEC, v:1, k:ed@soma, mode:FULL, rate:0, size:88
2026-07-03 03:05:31, EXEC, v:1, k:ed@soma, mode:FULL, rate:0, size:87
2026-07-03 03:05:41, EXEC, v:1, k:ed@soma, mode:FULL, rate:42, size:84
2026-07-03 03:07:32, EXEC, v:1, k:ed@soma, mode:FULL, rate:0, size:91
2026-07-03 03:07:33, EXEC, v:1, k:ed@soma, mode:FULL, rate:0
2026-07-03 03:07:51, EXEC, v:1, k:ed@soma, mode:FULL, rate:0, size:94
2026-07-03 03:07:56, MOVE, v:1, k:ed@soma, mode:BACK
2026-07-03 03:07:59, MOVE, v:1, k:ed@soma, mode:PICK
2026-07-03 03:08:00, EXEC, v:1, k:ed@soma, mode:FULL, rate:0
2026-07-03 03:08:12, EXEC, v:1, k:ed@soma, mode:FULL, rate:28, size:87
2026-07-03 03:08:53, MOVE, v:1, k:ed@soma, mode:EDIT
2026-07-03 03:08:12, MOVE, v:1, k:ed@soma, mode:EDIT
2026-07-03 03:09:35, EXEC, v:1, k:ed@soma, mode:FULL, rate:0, size:90
2026-07-03 03:09:49, EXEC, v:1, k:ed@soma, mode:FULL, rate:0, size:90
2026-07-03 03:09:51, EXEC, v:1, k:ed@soma, mode:FULL, rate:0
2026-07-03 03:10:07, EXEC, v:1, k:ed@soma, mode:FULL, rate:0, size:91
2026-07-03 03:12:01, EXEC, v:1, k:ed@soma, mode:FULL, size:97, fail:COMP
2026-07-03 03:12:06, MOVE, v:1, k:ed@soma, mode:BACK
2026-07-03 03:13:56, MOVE, v:1, k:ed@soma, mode:EDIT
2026-07-03 03:10:07, MOVE, v:1, k:ed@soma, mode:EDIT
2026-07-03 03:14:51, MOVE, v:1, k:ed@soma, mode:PICK
2026-07-03 03:14:52, EXEC, v:1, k:ed@soma, mode:FULL, rate:71, size:100
2026-07-03 03:15:30, EXEC, v:1, k:ed@soma, mode:FULL, rate:0, size:101
2026-07-03 03:15:45, EXEC, v:1, k:ed@soma, mode:FULL, rate:0, size:99
2026-07-03 03:15:53, EXEC, v:1, k:ed@soma, mode:FULL, rate:71, size:100
2026-07-03 03:16:13, EXEC, v:1, k:ed@soma, mode:FULL, rate:100, size:100
2026-07-03 03:16:56, EXEC, v:1, k:ed@soma, mode:FULL, rate:14, size:100
2026-07-03 03:16:58, EXEC, v:1, k:ed@soma, mode:FULL, rate:14
2026-07-03 03:18:55, MOVE, v:1, k:ed@soma, mode:EDIT
2026-07-03 03:16:58, MOVE, v:1, k:ed@soma, mode:EDIT
2026-07-03 03:19:40, EXEC, v:1, k:ed@soma, mode:FULL, rate:100, size:105
2026-07-03 03:19:42, MOVE, v:1, k:ed@soma, mode:BACK
2026-07-03 03:19:52, SELF, v:1, k:ed@soma, self:1, rate:100, study:30
2026-07-03 03:19:52, MOVE, v:1, k:ed@soma, mode:PICK
2026-07-03 03:19:53, EXEC, v:1, k:ed@soma, mode:FULL, rate:100
2026-07-03 03:19:54, MOVE, v:1, k:ed@soma, mode:BACK
2026-07-03 03:23:31, MOVE, v:1, k:ed@altura, mode:DOWN
2026-07-03 03:23:31, MOVE, v:1, k:ed@altura, mode:PICK
2026-07-03 03:23:32, EXEC, v:1, k:ed@altura, mode:FULL, rate:0, size:108
2026-07-03 03:19:37, MOVE, v:1, k:ed@soma, mode:EDIT
2026-07-03 03:19:53, MOVE, v:1, k:ed@soma, mode:EDIT
2026-07-03 03:23:31, MOVE, v:1, k:ed@altura, mode:EDIT
2026-07-03 03:23:31, MOVE, v:1, k:ed@altura, mode:EDIT
2026-07-03 03:23:32, MOVE, v:1, k:ed@altura, mode:EDIT
2026-07-03 03:28:06, EXEC, v:1, k:ed@altura, mode:FULL, rate:0, size:123
2026-07-03 03:28:05, MOVE, v:1, k:ed@altura, mode:EDIT
2026-07-03 03:28:06, MOVE, v:1, k:ed@altura, mode:EDIT
2026-07-03 03:30:11, EXEC, v:1, k:ed@altura, mode:FULL, rate:0, size:123
2026-07-03 03:33:56, EXEC, v:1, k:ed@altura, mode:FULL, rate:0, size:138
2026-07-03 03:33:56, MOVE, v:1, k:ed@altura, mode:EDIT
2026-07-03 03:33:56, MOVE, v:1, k:ed@altura, mode:EDIT
2026-07-03 03:35:15, EXEC, v:1, k:ed@altura, mode:FULL, rate:0, size:128
2026-07-03 03:37:12, MOVE, v:1, k:ed@altura, mode:BACK
2026-07-03 03:37:46, MOVE, v:1, k:ed@altura, mode:EDIT
2026-07-03 03:35:15, MOVE, v:1, k:ed@altura, mode:EDIT
2026-07-03 03:42:11, MOVE, v:1, k:ed@altura, mode:PICK
2026-07-03 03:42:11, EXEC, v:1, k:ed@altura, mode:FULL, rate:0, size:134
2026-07-03 03:42:12, EXEC, v:1, k:ed@altura, mode:FULL, rate:0
2026-07-03 03:43:58, MOVE, v:1, k:ed@altura, mode:EDIT
2026-07-03 03:42:12, MOVE, v:1, k:ed@altura, mode:EDIT
2026-07-03 03:44:03, MOVE, v:1, k:ed@altura, mode:BACK
2026-07-03 03:44:06, MOVE, v:1, k:ed@altura, mode:PICK
2026-07-03 03:44:07, EXEC, v:1, k:ed@altura, mode:FULL, rate:0, size:134
2026-07-03 03:44:30, EXEC, v:1, k:ed@altura, mode:FULL, rate:0, size:132
2026-07-03 03:45:54, MOVE, v:1, k:ed@altura, mode:BACK
2026-07-03 03:46:26, MOVE, v:1, k:ed@altura, mode:PICK
2026-07-03 03:46:27, EXEC, v:1, k:ed@altura, mode:FULL, rate:0
2026-07-03 03:46:27, MOVE, v:1, k:ed@altura, mode:EDIT
2026-07-03 03:47:47, MOVE, v:1, k:ed@altura, mode:EDIT
2026-07-03 03:53:08, EXEC, v:1, k:ed@altura, mode:FULL, rate:0, size:139
2026-07-03 03:53:12, EXEC, v:1, k:ed@altura, mode:FULL, rate:0
2026-07-03 03:53:24, EXEC, v:1, k:ed@altura, mode:FULL, rate:0, size:139
2026-07-03 03:53:52, MOVE, v:1, k:ed@altura, mode:EDIT
2026-07-03 03:53:24, MOVE, v:1, k:ed@altura, mode:EDIT
2026-07-03 03:55:04, MOVE, v:1, k:ed@altura, mode:BACK
2026-07-03 03:55:07, MOVE, v:1, k:ed@altura, mode:PICK
2026-07-03 03:55:08, EXEC, v:1, k:ed@altura, mode:FULL, size:139, fail:COMP
2026-07-03 03:55:09, EXEC, v:1, k:ed@altura, mode:FULL, fail:COMP
2026-07-03 03:58:50, EXEC, v:1, k:ed@altura, mode:FULL, rate:0, size:143
2026-07-03 03:58:50, MOVE, v:1, k:ed@altura, mode:EDIT
2026-07-03 03:58:50, MOVE, v:1, k:ed@altura, mode:EDIT
2026-07-03 03:59:06, MOVE, v:1, k:ed@altura, mode:BACK
2026-07-03 04:01:02, MOVE, v:1, k:ed@altura, mode:PICK
2026-07-03 04:01:03, EXEC, v:1, k:ed@altura, mode:FULL, rate:0
2026-07-03 04:01:04, EXEC, v:1, k:ed@altura, mode:FULL, rate:0
2026-07-03 04:01:04, MOVE, v:1, k:ed@altura, mode:BACK
2026-07-03 04:01:12, MOVE, v:1, k:ed@altura, mode:PICK
2026-07-03 04:01:12, EXEC, v:1, k:ed@altura, mode:FULL, rate:0
2026-07-03 04:03:17, EXEC, v:1, k:ed@altura, mode:FULL, rate:0, size:146
2026-07-03 04:03:22, MOVE, v:1, k:ed@altura, mode:BACK
2026-07-03 04:03:17, MOVE, v:1, k:ed@altura, mode:EDIT
2026-07-03 04:03:15, MOVE, v:1, k:ed@altura, mode:EDIT
