2026-04-30 17:52:15, SELF, v:1, k:ed@setbuild, self:1, rate:66, debug:1
2026-04-30 17:52:15, MOVE, v:1, k:ed@setbuild, mode:PICK
2026-04-30 17:52:17, EXEC, v:1, k:ed@setbuild, mode:FULL, rate:100
2026-04-30 17:52:19, MOVE, v:1, k:ed@setbuild, mode:BACK
2026-04-30 17:52:28, SELF, v:1, k:ed@setbuild, self:1, rate:100, debug:1
2026-04-30 17:52:39, SELF, v:1, k:ed@setbuild, self:1, rate:100, study:70, debug:1
2026-04-30 17:52:40, MOVE, v:1, k:ed@setbuild, mode:PICK
2026-04-30 17:52:41, EXEC, v:1, k:ed@setbuild, mode:FULL, rate:100
2026-04-30 17:52:42, MOVE, v:1, k:ed@setbuild, mode:BACK
2026-04-30 17:53:32, MOVE, v:1, k:ed@wordsearch, mode:DOWN
2026-04-30 17:53:32, MOVE, v:1, k:ed@wordsearch, mode:PICK
2026-04-30 17:54:59, MOVE, v:1, k:ed@wordsearch, mode:BACK
2026-04-30 17:55:33, MOVE, v:1, k:ed@bettersearch, mode:DOWN
2026-04-30 17:55:34, MOVE, v:1, k:ed@bettersearch, mode:PICK
2026-04-30 17:56:15, EXEC, v:1, k:ed@bettersearch, mode:FULL, rate:18, size:33
2026-04-30 17:52:41, MOVE, v:1, k:ed@setbuild, mode:EDIT
2026-04-30 17:53:32, MOVE, v:1, k:ed@wordsearch, mode:EDIT
2026-04-30 17:53:32, MOVE, v:1, k:ed@wordsearch, mode:EDIT
2026-04-30 17:53:32, MOVE, v:1, k:ed@wordsearch, mode:EDIT
2026-04-30 17:53:32, MOVE, v:1, k:ed@wordsearch, mode:EDIT
2026-04-30 17:55:33, MOVE, v:1, k:ed@bettersearch, mode:EDIT
2026-04-30 17:55:33, MOVE, v:1, k:ed@bettersearch, mode:EDIT
2026-04-30 17:55:33, MOVE, v:1, k:ed@bettersearch, mode:EDIT
2026-04-30 17:56:15, MOVE, v:1, k:ed@bettersearch, mode:EDIT
2026-04-30 18:02:01, MOVE, v:1, k:ed@bettersearch, mode:EDIT
2026-04-30 18:04:02, EXEC, v:1, k:ed@bettersearch, mode:FULL, rate:27, size:36
2026-04-30 18:06:37, MOVE, v:1, k:ed@bettersearch, mode:EDIT
2026-04-30 18:04:02, MOVE, v:1, k:ed@bettersearch, mode:EDIT
2026-04-30 18:12:05, MOVE, v:1, k:ed@bettersearch, mode:EDIT
2026-04-30 18:12:39, EXEC, v:1, k:ed@bettersearch, mode:FULL, rate:63, size:51
2026-04-30 18:15:39, EXEC, v:1, k:ed@bettersearch, mode:FULL, rate:63
2026-04-30 18:15:38, MOVE, v:1, k:ed@bettersearch, mode:EDIT
2026-04-30 18:17:06, MOVE, v:1, k:ed@bettersearch, mode:EDIT
2026-04-30 18:18:58, EXEC, v:1, k:ed@bettersearch, mode:FULL, rate:63, size:54
2026-04-30 18:19:26, EXEC, v:1, k:ed@bettersearch, mode:FULL, rate:63, size:54
2026-04-30 18:20:05, MOVE, v:1, k:ed@bettersearch, mode:BACK
2026-04-30 18:20:11, MOVE, v:1, k:ed@bettersearch, mode:PICK
2026-04-30 18:20:37, EXEC, v:1, k:ed@bettersearch, mode:FULL, rate:63, size:54
2026-04-30 18:21:15, EXEC, v:1, k:ed@bettersearch, mode:FULL, rate:63, size:54
2026-04-30 18:21:19, EXEC, v:1, k:ed@bettersearch, mode:FULL, rate:63
2026-04-30 18:21:21, EXEC, v:1, k:ed@bettersearch, mode:FULL, rate:63
2026-04-30 18:21:53, EXEC, v:1, k:ed@bettersearch, mode:FULL, rate:63, size:54
2026-04-30 18:21:57, EXEC, v:1, k:ed@bettersearch, mode:FULL, rate:18
2026-04-30 18:21:52, MOVE, v:1, k:ed@bettersearch, mode:EDIT
2026-04-30 18:21:57, MOVE, v:1, k:ed@bettersearch, mode:EDIT
2026-04-30 18:26:08, EXEC, v:1, k:ed@bettersearch, mode:FULL, rate:100, size:52
2026-04-30 18:26:12, EXEC, v:1, k:ed@bettersearch, mode:FREE
2026-04-30 18:26:20, EXEC, v:1, k:ed@bettersearch, mode:FULL, rate:100
2026-04-30 18:26:24, MOVE, v:1, k:ed@bettersearch, mode:BACK
2026-04-30 18:26:50, MOVE, v:1, k:ed@bettersearch, mode:PICK
2026-04-30 18:26:51, EXEC, v:1, k:ed@bettersearch, mode:FULL, rate:100, size:48
2026-04-30 18:26:50, MOVE, v:1, k:ed@bettersearch, mode:EDIT
2026-04-30 18:26:51, MOVE, v:1, k:ed@bettersearch, mode:EDIT
2026-04-30 18:32:06, MOVE, v:1, k:ed@bettersearch, mode:EDIT
2026-04-30 18:33:18, EXEC, v:1, k:ed@bettersearch, mode:FULL, rate:0, size:61
2026-04-30 18:33:19, EXEC, v:1, k:ed@bettersearch, mode:FULL, rate:0
2026-04-30 18:37:02, MOVE, v:1, k:ed@bettersearch, mode:EDIT
2026-04-30 18:33:19, MOVE, v:1, k:ed@bettersearch, mode:EDIT
2026-04-30 18:38:10, EXEC, v:1, k:ed@bettersearch, mode:FULL, rate:100, size:67
2026-04-30 18:38:33, MOVE, v:1, k:ed@bettersearch, mode:EDIT
2026-04-30 18:38:10, MOVE, v:1, k:ed@bettersearch, mode:EDIT
2026-04-30 18:43:51, EXEC, v:1, k:ed@bettersearch, mode:FULL, size:67, fail:COMP
2026-04-30 18:45:35, EXEC, v:1, k:ed@bettersearch, mode:FULL, size:68, fail:COMP
2026-04-30 18:45:35, EXEC, v:1, k:ed@bettersearch, mode:FULL, size:68, fail:COMP
2026-04-30 18:45:37, EXEC, v:1, k:ed@bettersearch, mode:FULL, size:68, fail:COMP
2026-04-30 18:45:37, EXEC, v:1, k:ed@bettersearch, mode:FULL, fail:COMP
2026-04-30 18:45:37, EXEC, v:1, k:ed@bettersearch, mode:FULL, fail:COMP
2026-04-30 18:45:37, EXEC, v:1, k:ed@bettersearch, mode:FULL, fail:COMP
2026-04-30 18:45:37, EXEC, v:1, k:ed@bettersearch, mode:FULL, fail:COMP
2026-04-30 18:47:07, EXEC, v:1, k:ed@bettersearch, mode:FULL, rate:100, size:69
2026-04-30 18:47:05, MOVE, v:1, k:ed@bettersearch, mode:EDIT
2026-04-30 18:47:07, MOVE, v:1, k:ed@bettersearch, mode:EDIT
2026-04-30 18:47:08, MOVE, v:1, k:ed@bettersearch, mode:BACK
2026-04-30 18:47:33, SELF, v:1, k:ed@bettersearch, self:1, study:60
2026-04-30 18:47:39, SELF, v:1, k:ed@bettersearch, self:1, study:60
2026-04-30 18:47:40, MOVE, v:1, k:ed@bettersearch, mode:PICK
2026-04-30 18:47:41, EXEC, v:1, k:ed@bettersearch, mode:FULL, rate:100
2026-04-30 18:47:42, MOVE, v:1, k:ed@bettersearch, mode:BACK
2026-04-30 18:54:12, MOVE, v:1, k:ed@multiset, mode:DOWN
2026-04-30 18:54:14, MOVE, v:1, k:ed@multiset, mode:PICK
2026-04-30 18:54:12, MOVE, v:1, k:ed@multiset, mode:EDIT
2026-04-30 18:54:12, MOVE, v:1, k:ed@multiset, mode:EDIT
2026-04-30 18:54:12, MOVE, v:1, k:ed@multiset, mode:EDIT
2026-04-30 18:54:12, MOVE, v:1, k:ed@multiset, mode:EDIT
2026-04-30 18:55:51, EXEC, v:1, k:ed@multiset, mode:FULL, rate:0, size:59
2026-04-30 18:55:51, MOVE, v:1, k:ed@multiset, mode:EDIT
2026-04-30 18:59:51, MOVE, v:1, k:ed@multiset, mode:EDIT
2026-04-30 19:03:51, MOVE, v:1, k:ed@multiset, mode:EDIT
2026-04-30 19:05:41, EXEC, v:1, k:ed@multiset, mode:FULL, rate:0, size:81
2026-04-30 19:06:36, EXEC, v:1, k:ed@multiset, mode:FULL, rate:0, size:81
2026-04-30 19:09:51, MOVE, v:1, k:ed@multiset, mode:EDIT
2026-04-30 19:06:36, MOVE, v:1, k:ed@multiset, mode:EDIT
2026-04-30 19:12:54, EXEC, v:1, k:ed@multiset, mode:FULL, size:96, fail:COMP
2026-04-30 19:13:23, EXEC, v:1, k:ed@multiset, mode:FULL, rate:0, size:96
2026-04-30 19:14:51, MOVE, v:1, k:ed@multiset, mode:EDIT
2026-04-30 19:13:22, MOVE, v:1, k:ed@multiset, mode:EDIT
2026-04-30 19:15:07, EXEC, v:1, k:ed@multiset, mode:FULL, rate:0, size:100
2026-04-30 19:15:29, SELF, v:1, k:ed@multiset, self:1
2026-04-30 19:15:30, EXEC, v:1, k:ed@multiset, mode:FULL, rate:0
2026-04-30 19:15:42, SELF, v:1, k:ed@multiset, self:1
2026-04-30 19:15:58, SELF, v:1, k:ed@multiset, self:1
2026-04-30 19:15:58, EXEC, v:1, k:ed@multiset, mode:FULL, rate:0
2026-04-30 19:19:51, MOVE, v:1, k:ed@multiset, mode:EDIT
2026-04-30 19:15:58, MOVE, v:1, k:ed@multiset, mode:EDIT
2026-04-30 19:22:07, EXEC, v:1, k:ed@multiset, mode:FULL, rate:0, size:110
2026-04-30 19:22:51, EXEC, v:1, k:ed@multiset, mode:FULL, rate:0, size:110
2026-04-30 19:23:24, MOVE, v:1, k:ed@multiset, mode:BACK
2026-04-30 19:23:27, MOVE, v:1, k:ed@multiset, mode:PICK
2026-04-30 19:23:29, EXEC, v:1, k:ed@multiset, mode:FULL, rate:0, size:106
2026-04-30 19:23:36, EXEC, v:1, k:ed@multiset, mode:FULL, rate:0
2026-04-30 19:23:00, MOVE, v:1, k:ed@multiset, mode:EDIT
2026-04-30 19:23:36, MOVE, v:1, k:ed@multiset, mode:EDIT
2026-04-30 19:24:53, EXEC, v:1, k:ed@multiset, mode:FULL, rate:0
2026-04-30 19:25:18, EXEC, v:1, k:ed@multiset, mode:FULL, rate:0, size:106
2026-04-30 19:25:35, EXEC, v:1, k:ed@multiset, mode:FULL, rate:0, size:106
2026-04-30 19:25:46, EXEC, v:1, k:ed@multiset, mode:FULL, rate:0, size:106
2026-04-30 19:25:53, EXEC, v:1, k:ed@multiset, mode:FULL, rate:0, size:106
2026-04-30 19:27:40, EXEC, v:1, k:ed@multiset, mode:FULL, rate:0, size:109
2026-04-30 19:27:40, MOVE, v:1, k:ed@multiset, mode:EDIT
2026-04-30 19:29:51, MOVE, v:1, k:ed@multiset, mode:EDIT
2026-04-30 19:34:50, MOVE, v:1, k:ed@multiset, mode:EDIT
2026-04-30 19:38:40, EXEC, v:1, k:ed@multiset, mode:FULL, rate:16, size:131
2026-04-30 19:39:00, MOVE, v:1, k:ed@multiset, mode:BACK
2026-04-30 19:39:15, MOVE, v:1, k:ed@multiset, mode:PICK
2026-04-30 19:39:16, EXEC, v:1, k:ed@multiset, mode:FULL, rate:16, size:133
2026-04-30 19:39:51, MOVE, v:1, k:ed@multiset, mode:EDIT
2026-04-30 19:39:16, MOVE, v:1, k:ed@multiset, mode:EDIT
2026-04-30 19:41:40, EXEC, v:1, k:ed@multiset, mode:FULL, rate:33, size:145
2026-04-30 19:44:50, MOVE, v:1, k:ed@multiset, mode:EDIT
2026-04-30 19:41:40, MOVE, v:1, k:ed@multiset, mode:EDIT
2026-04-30 19:48:19, EXEC, v:1, k:ed@multiset, mode:FULL, rate:33, size:172
2026-04-30 19:49:04, EXEC, v:1, k:ed@multiset, mode:FULL, rate:33, size:172
2026-04-30 19:49:45, MOVE, v:1, k:ed@multiset, mode:EDIT
2026-04-30 19:49:04, MOVE, v:1, k:ed@multiset, mode:EDIT
2026-04-30 19:51:22, EXEC, v:1, k:ed@multiset, mode:FULL, size:176, fail:COMP
2026-04-30 19:51:25, EXEC, v:1, k:ed@multiset, mode:FULL, rate:33, size:176
2026-04-30 19:51:43, EXEC, v:1, k:ed@multiset, mode:FULL, rate:33, size:177
2026-04-30 19:54:27, EXEC, v:1, k:ed@multiset, mode:FULL, rate:33, size:176
2026-04-30 19:54:40, EXEC, v:1, k:ed@multiset, mode:FULL, rate:33, size:176
2026-04-30 19:54:48, MOVE, v:1, k:ed@multiset, mode:EDIT
2026-04-30 19:54:40, MOVE, v:1, k:ed@multiset, mode:EDIT
2026-04-30 19:55:08, EXEC, v:1, k:ed@multiset, mode:FULL, rate:33, size:178
2026-04-30 19:55:20, EXEC, v:1, k:ed@multiset, mode:FULL, rate:33, size:172
2026-04-30 19:55:36, EXEC, v:1, k:ed@multiset, mode:FULL, rate:33, size:172
2026-04-30 19:56:25, MOVE, v:1, k:ed@multiset, mode:BACK
2026-04-30 19:56:32, MOVE, v:1, k:ed@multiset, mode:PICK
2026-04-30 19:56:33, EXEC, v:1, k:ed@multiset, mode:FULL, size:173, fail:COMP
2026-04-30 19:56:41, EXEC, v:1, k:ed@multiset, mode:FULL, rate:33, size:173
2026-04-30 19:56:39, MOVE, v:1, k:ed@multiset, mode:EDIT
2026-04-30 19:56:41, MOVE, v:1, k:ed@multiset, mode:EDIT
2026-04-30 22:08:59, MOVE, v:1, k:ed@multiset, mode:PICK
2026-04-30 22:09:00, EXEC, v:1, k:ed@multiset, mode:FULL, rate:33
2026-04-30 22:09:57, EXEC, v:1, k:ed@multiset, mode:FULL, rate:50, size:181
2026-04-30 22:13:06, EXEC, v:1, k:ed@multiset, mode:FULL, rate:66, size:195
2026-04-30 22:13:06, MOVE, v:1, k:ed@multiset, mode:EDIT
2026-04-30 22:13:50, MOVE, v:1, k:ed@multiset, mode:EDIT
2026-04-30 22:18:03, EXEC, v:1, k:ed@multiset, mode:FULL, rate:66, size:211
2026-04-30 22:18:44, MOVE, v:1, k:ed@multiset, mode:EDIT
2026-04-30 22:18:03, MOVE, v:1, k:ed@multiset, mode:EDIT
2026-04-30 22:19:26, EXEC, v:1, k:ed@multiset, mode:FULL, rate:83, size:213
2026-04-30 22:20:54, EXEC, v:1, k:ed@multiset, mode:FULL, rate:83, size:217
2026-04-30 22:21:16, EXEC, v:1, k:ed@multiset, mode:FULL, rate:83, size:216
2026-04-30 22:22:18, EXEC, v:1, k:ed@multiset, mode:FULL, rate:100, size:217
2026-04-30 22:22:25, MOVE, v:1, k:ed@multiset, mode:BACK
2026-04-30 22:22:48, SELF, v:1, k:ed@multiset, self:1, rate:100, study:80
2026-04-30 22:22:17, MOVE, v:1, k:ed@multiset, mode:EDIT
2026-04-30 22:22:17, MOVE, v:1, k:ed@multiset, mode:EDIT
