2026-07-06 18:12:06, MOVE, v:1, k:ed@dfs_read, mode:PICK
2026-07-06 18:12:08, EXEC, v:1, k:ed@dfs_read, mode:LOCK, rate:0
2026-07-06 18:13:26, MOVE, v:1, k:ed@dfs_read, mode:BACK
2026-07-06 18:13:34, MOVE, v:1, k:ed@wordsearch, mode:PICK
2026-07-06 18:13:35, EXEC, v:1, k:ed@wordsearch, mode:FULL, rate:25
2026-07-06 18:12:08, MOVE, v:1, k:ed@dfs_read, mode:EDIT
2026-07-06 18:13:35, MOVE, v:1, k:ed@wordsearch, mode:EDIT
2026-07-06 18:15:33, MOVE, v:1, k:ed@wordsearch, mode:EDIT
2026-07-06 18:17:09, MOVE, v:1, k:ed@wordsearch, mode:EDIT
2026-07-06 18:30:47, EXEC, v:1, k:ed@wordsearch, mode:FULL, size:63, fail:COMP
2026-07-06 18:30:48, MOVE, v:1, k:ed@wordsearch, mode:BACK
2026-07-06 18:30:51, MOVE, v:1, k:ed@wordsearch, mode:PICK
2026-07-06 18:35:16, MOVE, v:1, k:ed@wordsearch, mode:EDIT
2026-07-06 18:40:38, MOVE, v:1, k:ed@wordsearch, mode:EDIT
2026-07-06 18:45:06, MOVE, v:1, k:ed@wordsearch, mode:EDIT
2026-07-06 18:50:25, MOVE, v:1, k:ed@wordsearch, mode:BACK
2026-07-06 18:50:27, MOVE, v:1, k:ed@wordsearch, mode:PICK
2026-07-06 18:50:27, EXEC, v:1, k:ed@wordsearch, mode:FULL, size:87, fail:COMP
2026-07-06 18:50:28, MOVE, v:1, k:ed@wordsearch, mode:BACK
2026-07-06 18:50:29, MOVE, v:1, k:ed@wordsearch, mode:PICK
2026-07-06 18:50:19, MOVE, v:1, k:ed@wordsearch, mode:EDIT
2026-07-06 18:55:49, MOVE, v:1, k:ed@wordsearch, mode:EDIT
2026-07-06 18:58:59, EXEC, v:1, k:ed@wordsearch, mode:FULL, size:110, fail:COMP
2026-07-06 18:59:00, MOVE, v:1, k:ed@wordsearch, mode:BACK
2026-07-06 19:00:44, MOVE, v:1, k:ed@wordsearch, mode:EDIT
2026-07-06 19:01:07, MOVE, v:1, k:ed@wordsearch, mode:PICK
2026-07-06 19:01:08, EXEC, v:1, k:ed@wordsearch, mode:FULL, rate:100, size:115
2026-07-06 19:01:09, MOVE, v:1, k:ed@wordsearch, mode:BACK
2026-07-06 19:01:22, MOVE, v:1, k:ed@wordsearch, mode:PICK
2026-07-06 19:01:22, EXEC, v:1, k:ed@wordsearch, mode:FULL, rate:100
2026-07-06 19:01:54, SELF, v:1, k:ed@wordsearch, self:1, rate:100, study:60, guided:1, concept:1
2026-07-06 19:01:56, MOVE, v:1, k:ed@wordsearch, mode:BACK
