2026-04-26 00:01:36, EXEC, v:1, k:ed@rotacoes, mode:FULL, rate:0, size:26
2026-04-26 00:03:25, MOVE, v:1, k:ed@rotacoes, mode:EDIT
2026-04-26 00:01:36, MOVE, v:1, k:ed@rotacoes, mode:EDIT
2026-04-26 00:04:46, EXEC, v:1, k:ed@rotacoes, mode:FULL, rate:0, size:34
2026-04-26 00:05:25, EXEC, v:1, k:ed@rotacoes, mode:FULL, rate:0, size:34
2026-04-26 00:05:34, EXEC, v:1, k:ed@rotacoes, mode:FULL, rate:0, size:34
2026-04-26 00:05:58, EXEC, v:1, k:ed@rotacoes, mode:FULL, rate:0
2026-04-26 00:06:22, EXEC, v:1, k:ed@rotacoes, mode:FULL, rate:20, size:37
2026-04-26 00:07:13, EXEC, v:1, k:ed@rotacoes, mode:FULL, rate:0, size:37
2026-04-26 00:07:54, EXEC, v:1, k:ed@rotacoes, mode:FULL, rate:0, size:37
2026-04-26 00:07:47, MOVE, v:1, k:ed@rotacoes, mode:EDIT
2026-04-26 00:07:54, MOVE, v:1, k:ed@rotacoes, mode:EDIT
2026-04-26 00:10:20, EXEC, v:1, k:ed@rotacoes, mode:FULL, rate:100, size:43
2026-04-26 00:11:48, EXEC, v:1, k:ed@rotacoes, mode:FULL, rate:100, size:43
2026-04-26 00:11:50, MOVE, v:1, k:ed@rotacoes, mode:BACK
2026-04-26 00:12:00, SELF, v:1, k:ed@rotacoes, self:1, rate:100, study:30
2026-04-26 00:12:24, MOVE, v:1, k:ed@rotacoes, mode:PICK
2026-04-26 00:12:33, EXEC, v:1, k:ed@rotacoes, mode:FULL, rate:100, size:43
2026-04-26 00:12:50, EXEC, v:1, k:ed@rotacoes, mode:FULL, rate:20, size:41
2026-04-26 00:12:59, EXEC, v:1, k:ed@rotacoes, mode:FULL, rate:20
2026-04-26 00:13:10, EXEC, v:1, k:ed@rotacoes, mode:FULL, rate:100, size:43
2026-04-26 00:13:10, MOVE, v:1, k:ed@rotacoes, mode:EDIT
2026-04-26 00:13:10, MOVE, v:1, k:ed@rotacoes, mode:EDIT
2026-04-26 00:13:30, MOVE, v:1, k:ed@rotacoes, mode:BACK
2026-04-26 00:14:09, SELF, v:1, k:ed@especiais, self:1, study:120, concept:1, debug:1
2026-04-26 00:14:47, SELF, v:1, k:ed@resto, self:1
2026-04-26 00:14:51, MOVE, v:1, k:ed@resto, mode:PICK
2026-04-26 00:15:05, EXEC, v:1, k:ed@resto, mode:FULL, rate:100
2026-04-26 00:15:07, MOVE, v:1, k:ed@resto, mode:BACK
2026-04-26 00:15:16, SELF, v:1, k:ed@resto, self:1, rate:100
2026-04-26 00:15:16, MOVE, v:1, k:ed@resto, mode:PICK
2026-04-26 00:15:17, EXEC, v:1, k:ed@resto, mode:FULL, rate:100
2026-04-26 00:15:18, MOVE, v:1, k:ed@resto, mode:BACK
2026-04-26 00:15:29, SELF, v:1, k:ed@resto, self:1, rate:100, study:20
2026-04-26 00:15:41, SELF, v:1, k:ed@treinando, self:1, concept:1
2026-04-26 00:15:41, MOVE, v:1, k:ed@treinando, mode:PICK
2026-04-26 00:15:43, EXEC, v:1, k:ed@treinando, mode:FULL, rate:100
2026-04-26 00:15:44, MOVE, v:1, k:ed@treinando, mode:BACK
2026-04-26 00:15:54, SELF, v:1, k:ed@treinando, self:1, rate:100, study:40, concept:1
2026-04-26 00:17:46, SELF, v:1, k:ed@fib1, self:1, rate:100, study:40
2026-04-26 00:15:17, MOVE, v:1, k:ed@resto, mode:EDIT
2026-04-26 00:15:43, MOVE, v:1, k:ed@treinando, mode:EDIT
2026-04-26 00:19:26, MOVE, v:1, k:ed@padroes1, mode:DOWN
2026-04-26 00:19:27, MOVE, v:1, k:ed@padroes1, mode:PICK
2026-04-26 00:20:46, EXEC, v:1, k:ed@padroes1, mode:FULL, rate:0, size:6
2026-04-26 00:19:26, MOVE, v:1, k:ed@padroes1, mode:EDIT
2026-04-26 00:19:26, MOVE, v:1, k:ed@padroes1, mode:EDIT
2026-04-26 00:23:26, MOVE, v:1, k:ed@padroes1, mode:EDIT
2026-04-26 00:20:46, MOVE, v:1, k:ed@padroes1, mode:EDIT
2026-04-26 00:28:27, MOVE, v:1, k:ed@padroes1, mode:EDIT
2026-04-26 00:30:02, EXEC, v:1, k:ed@padroes1, mode:FULL, rate:100, size:15
2026-04-26 00:30:55, MOVE, v:1, k:ed@padroes1, mode:BACK
2026-04-26 00:31:02, SELF, v:1, k:ed@padroes1, self:1, rate:100
2026-04-26 00:31:11, SELF, v:1, k:ed@padroes1, self:1, rate:100, study:15
2026-04-26 00:31:35, MOVE, v:1, k:ed@padroes1, mode:PICK
2026-04-26 00:31:36, EXEC, v:1, k:ed@padroes1, mode:FULL, rate:100, size:15
2026-04-26 00:31:37, MOVE, v:1, k:ed@padroes1, mode:BACK
2026-04-26 00:31:32, MOVE, v:1, k:ed@padroes1, mode:EDIT
2026-04-26 00:31:36, MOVE, v:1, k:ed@padroes1, mode:EDIT
2026-04-26 00:33:39, SELF, v:1, k:ed@padroes1, self:1, rate:100, study:15
2026-04-26 00:35:33, MOVE, v:1, k:ed@mdc, mode:DOWN
2026-04-26 00:35:34, MOVE, v:1, k:ed@mdc, mode:PICK
2026-04-26 00:36:34, EXEC, v:1, k:ed@mdc, mode:FULL, rate:0, size:15
2026-04-26 00:35:33, MOVE, v:1, k:ed@mdc, mode:EDIT
2026-04-26 00:35:33, MOVE, v:1, k:ed@mdc, mode:EDIT
2026-04-26 00:37:41, MOVE, v:1, k:ed@mdc, mode:EDIT
2026-04-26 00:36:34, MOVE, v:1, k:ed@mdc, mode:EDIT
2026-04-26 00:39:25, EXEC, v:1, k:ed@mdc, mode:FULL, rate:100, size:19
2026-04-26 00:39:31, EXEC, v:1, k:ed@mdc, mode:FULL, rate:100, size:16
2026-04-26 00:39:39, EXEC, v:1, k:ed@mdc, mode:FULL, rate:100, size:19
2026-04-26 00:39:43, MOVE, v:1, k:ed@mdc, mode:BACK
2026-04-26 00:40:01, SELF, v:1, k:ed@mdc, self:1, rate:100, study:10
2026-04-26 00:40:22, MOVE, v:1, k:ed@mdc, mode:PICK
2026-04-26 00:40:23, EXEC, v:1, k:ed@mdc, mode:FULL, rate:100, size:20
2026-04-26 00:41:51, EXEC, v:1, k:ed@mdc, mode:FULL, rate:100, size:22
2026-04-26 00:42:14, MOVE, v:1, k:ed@mdc, mode:BACK
2026-04-26 00:42:23, SELF, v:1, k:ed@mdc, self:1, rate:100, study:10
2026-04-26 00:41:55, MOVE, v:1, k:ed@mdc, mode:EDIT
2026-04-26 00:41:51, MOVE, v:1, k:ed@mdc, mode:EDIT
2026-04-26 16:09:07, MOVE, v:1, k:ed@mdc, mode:PICK
2026-04-26 16:09:08, EXEC, v:1, k:ed@mdc, mode:FULL, rate:100, size:23
2026-04-26 16:09:10, MOVE, v:1, k:ed@mdc, mode:BACK
2026-04-26 16:09:20, SELF, v:1, k:ed@treinando, self:1, concept:1
2026-04-26 16:09:28, SELF, v:1, k:ed@treinando, self:1, study:40, concept:1
2026-04-26 16:09:08, MOVE, v:1, k:ed@mdc, mode:EDIT
2026-04-26 16:10:44, MOVE, v:1, k:ed@vetequals, mode:DOWN
2026-04-26 16:10:44, MOVE, v:1, k:ed@vetequals, mode:PICK
2026-04-26 16:10:44, MOVE, v:1, k:ed@vetequals, mode:EDIT
2026-04-26 16:10:44, MOVE, v:1, k:ed@vetequals, mode:EDIT
2026-04-26 16:15:29, MOVE, v:1, k:ed@vetequals, mode:EDIT
2026-04-26 16:15:46, EXEC, v:1, k:ed@vetequals, mode:FULL, rate:60, size:55
2026-04-26 16:17:22, EXEC, v:1, k:ed@vetequals, mode:FULL, rate:60, size:55
2026-04-26 16:17:21, MOVE, v:1, k:ed@vetequals, mode:EDIT
2026-04-26 16:17:22, MOVE, v:1, k:ed@vetequals, mode:EDIT
2026-04-26 16:32:48, EXEC, v:1, k:ed@vetequals, mode:FULL, rate:60
2026-04-26 16:33:56, EXEC, v:1, k:ed@vetequals, mode:FULL, rate:60, size:55
2026-04-26 16:33:56, MOVE, v:1, k:ed@vetequals, mode:EDIT
2026-04-26 16:35:31, MOVE, v:1, k:ed@vetequals, mode:EDIT
2026-04-26 16:35:31, EXEC, v:1, k:ed@vetequals, mode:FULL, rate:70, size:58
2026-04-26 16:36:40, EXEC, v:1, k:ed@vetequals, mode:FULL, size:57, fail:COMP
2026-04-26 16:36:49, EXEC, v:1, k:ed@vetequals, mode:FULL, rate:30, size:58
2026-04-26 16:36:54, EXEC, v:1, k:ed@vetequals, mode:FULL, rate:30
2026-04-26 16:38:01, EXEC, v:1, k:ed@vetequals, mode:FULL, rate:30, size:55
2026-04-26 16:38:17, MOVE, v:1, k:ed@vetequals, mode:BACK
2026-04-26 16:38:32, MOVE, v:1, k:ed@vetequals, mode:PICK
2026-04-26 16:38:33, EXEC, v:1, k:ed@vetequals, mode:FULL, size:58, fail:COMP
2026-04-26 16:38:33, EXEC, v:1, k:ed@vetequals, mode:FULL, size:58, fail:COMP
2026-04-26 16:38:33, EXEC, v:1, k:ed@vetequals, mode:FULL, size:58, fail:COMP
2026-04-26 16:38:34, EXEC, v:1, k:ed@vetequals, mode:FULL, fail:COMP
2026-04-26 16:39:10, EXEC, v:1, k:ed@vetequals, mode:FULL, rate:70, size:58
2026-04-26 16:40:13, EXEC, v:1, k:ed@vetequals, mode:FULL, rate:70, size:58
2026-04-26 16:40:39, EXEC, v:1, k:ed@vetequals, mode:FULL, rate:0, size:58
2026-04-26 16:40:47, EXEC, v:1, k:ed@vetequals, mode:FULL, rate:70, size:58
2026-04-26 16:41:35, EXEC, v:1, k:ed@vetequals, mode:FULL, rate:70, size:60
2026-04-26 16:41:51, EXEC, v:1, k:ed@vetequals, mode:FULL, rate:10, size:59
2026-04-26 16:41:58, EXEC, v:1, k:ed@vetequals, mode:FULL, rate:70, size:59
2026-04-26 16:42:57, EXEC, v:1, k:ed@vetequals, mode:FULL, rate:80, size:59
2026-04-26 16:43:26, MOVE, v:1, k:ed@vetequals, mode:EDIT
2026-04-26 16:42:57, MOVE, v:1, k:ed@vetequals, mode:EDIT
2026-04-26 16:43:29, EXEC, v:1, k:ed@vetequals, mode:FULL, rate:80, size:62
2026-04-26 16:43:45, EXEC, v:1, k:ed@vetequals, mode:FULL, rate:70, size:62
2026-04-26 16:43:50, EXEC, v:1, k:ed@vetequals, mode:FULL, rate:80, size:62
2026-04-26 16:44:35, EXEC, v:1, k:ed@vetequals, mode:FULL, rate:80, size:60
2026-04-26 16:44:55, MOVE, v:1, k:ed@vetequals, mode:PICK
2026-04-26 16:45:02, EXEC, v:1, k:ed@vetequals, mode:FULL, rate:80
2026-04-26 16:46:12, EXEC, v:1, k:ed@vetequals, mode:FULL, rate:70, size:60
2026-04-26 16:46:24, EXEC, v:1, k:ed@vetequals, mode:FULL, rate:70, size:60
2026-04-26 16:46:37, EXEC, v:1, k:ed@vetequals, mode:FULL, rate:80, size:60
2026-04-26 16:47:08, MOVE, v:1, k:ed@vetequals, mode:BACK
2026-04-26 16:47:11, MOVE, v:1, k:ed@vetequals, mode:PICK
2026-04-26 16:47:13, EXEC, v:1, k:ed@vetequals, mode:FULL, rate:80
2026-04-26 16:48:25, EXEC, v:1, k:ed@vetequals, mode:FULL, rate:70, size:63
2026-04-26 16:48:36, EXEC, v:1, k:ed@vetequals, mode:FULL, rate:80, size:63
2026-04-26 16:48:42, MOVE, v:1, k:ed@vetequals, mode:BACK
2026-04-26 16:49:39, MOVE, v:1, k:ed@vetequals, mode:PICK
2026-04-26 16:49:48, EXEC, v:1, k:ed@vetequals, mode:FULL, rate:80, size:58
2026-04-26 16:49:38, MOVE, v:1, k:ed@vetequals, mode:EDIT
2026-04-26 16:49:48, MOVE, v:1, k:ed@vetequals, mode:EDIT
2026-04-26 16:50:50, MOVE, v:1, k:ed@vetequals, mode:PICK
2026-04-26 16:50:51, EXEC, v:1, k:ed@vetequals, mode:FULL, rate:80
2026-04-26 16:52:37, EXEC, v:1, k:ed@vetequals, mode:FULL, rate:100, size:58
2026-04-26 16:52:38, MOVE, v:1, k:ed@vetequals, mode:BACK
2026-04-26 16:53:09, SELF, v:1, k:ed@vetequals, self:1, rate:100, study:40
