2026-03-19 02:54:02, MOVE, v:1, k:ed@pintando, mode:DOWN
2026-03-19 02:54:03, MOVE, v:1, k:ed@pintando, mode:PICK
2026-03-19 03:01:18, EXEC, v:1, k:ed@pintando, mode:FULL, rate:0, size:14
2026-03-19 03:01:58, EXEC, v:1, k:ed@pintando, mode:FULL, rate:0, size:14
2026-03-19 03:02:07, EXEC, v:1, k:ed@pintando, mode:FULL, rate:0, size:14
2026-03-19 03:02:47, EXEC, v:1, k:ed@pintando, mode:FULL, rate:0, size:14
2026-03-19 03:02:57, EXEC, v:1, k:ed@pintando, mode:FULL, rate:0, size:14
2026-03-19 03:03:13, EXEC, v:1, k:ed@pintando, mode:FULL, rate:0, size:14
2026-03-19 03:03:22, EXEC, v:1, k:ed@pintando, mode:FULL, rate:0, size:14
2026-03-19 03:03:29, EXEC, v:1, k:ed@pintando, mode:FULL, rate:75, size:14
2026-03-19 03:03:51, EXEC, v:1, k:ed@pintando, mode:FULL, size:14, fail:COMP
2026-03-19 03:04:01, EXEC, v:1, k:ed@pintando, mode:FULL, rate:100, size:14
2026-03-19 03:04:39, MOVE, v:1, k:ed@pintando, mode:BACK
2026-03-19 03:06:18, SELF, v:1, k:ed@pintando, self:1, rate:100, study:10, friend:nao
2026-03-19 03:06:41, MOVE, v:1, k:ed@mumia, mode:DOWN
2026-03-19 03:06:42, MOVE, v:1, k:ed@mumia, mode:PICK
2026-03-19 03:13:22, EXEC, v:1, k:ed@mumia, mode:FULL, rate:100, size:21
2026-03-19 03:13:32, MOVE, v:1, k:ed@mumia, mode:BACK
2026-03-19 03:14:27, SELF, v:1, k:ed@mumia, self:1, rate:100, study:5, friend:nao
2026-03-19 03:17:09, MOVE, v:1, k:ed@fuga, mode:DOWN
2026-03-19 03:17:10, MOVE, v:1, k:ed@fuga, mode:PICK
2026-03-19 03:25:49, EXEC, v:1, k:ed@fuga, mode:FULL, rate:0, size:34
2026-03-19 03:26:41, EXEC, v:1, k:ed@fuga, mode:FULL, rate:10, size:38
2026-03-19 03:27:17, EXEC, v:1, k:ed@fuga, mode:FULL, rate:80, size:38
2026-03-19 03:28:18, EXEC, v:1, k:ed@fuga, mode:FULL, rate:70, size:38
2026-03-19 03:28:29, EXEC, v:1, k:ed@fuga, mode:FULL, rate:80, size:38
2026-03-19 03:31:56, EXEC, v:1, k:ed@fuga, mode:FULL, rate:80, size:38
2026-03-19 03:32:10, EXEC, v:1, k:ed@fuga, mode:FULL, rate:80, size:38
2026-03-19 03:32:23, EXEC, v:1, k:ed@fuga, mode:FULL, rate:50, size:38
2026-03-19 03:32:36, EXEC, v:1, k:ed@fuga, mode:FULL, rate:80, size:38
2026-03-19 03:32:51, EXEC, v:1, k:ed@fuga, mode:FULL, rate:80, size:38
2026-03-19 03:34:14, EXEC, v:1, k:ed@fuga, mode:FULL, rate:90, size:38
2026-03-19 03:35:55, EXEC, v:1, k:ed@fuga, mode:FULL, rate:100, size:38
2026-03-19 03:36:13, EXEC, v:1, k:ed@fuga, mode:FULL, rate:100, size:38
2026-03-19 03:36:15, MOVE, v:1, k:ed@fuga, mode:BACK
2026-03-19 03:37:00, SELF, v:1, k:ed@fuga, self:1, rate:100, study:20, friend:nao
2026-03-19 03:37:26, SELF, v:1, k:ed@mumia, self:1, rate:100, study:10, friend:nao
2026-03-19 03:38:33, MOVE, v:1, k:ed@pedra, mode:DOWN
2026-03-19 03:38:44, MOVE, v:1, k:ed@pedra, mode:PICK
2026-03-19 03:53:27, EXEC, v:1, k:ed@pedra, mode:FULL, rate:0, size:29
2026-03-19 03:53:46, EXEC, v:1, k:ed@pedra, mode:FULL, rate:75, size:28
2026-03-19 03:55:40, EXEC, v:1, k:ed@pedra, mode:FULL, rate:0, size:33
2026-03-19 03:56:02, EXEC, v:1, k:ed@pedra, mode:FULL, rate:100, size:33
2026-03-19 03:56:06, MOVE, v:1, k:ed@pedra, mode:BACK
2026-03-19 03:56:36, SELF, v:1, k:ed@pedra, self:1, rate:100, study:17, friend:nao
2026-03-19 03:57:36, MOVE, v:1, k:ed@casais, mode:DOWN
2026-03-19 03:57:37, MOVE, v:1, k:ed@casais, mode:PICK
2026-03-19 04:07:26, EXEC, v:1, k:ed@casais, mode:FULL, rate:0, size:17
2026-03-19 04:20:54, EXEC, v:1, k:ed@casais, mode:FULL, rate:75, size:30
2026-03-19 04:22:07, EXEC, v:1, k:ed@casais, mode:FULL, rate:0, size:26
2026-03-19 04:22:09, EXEC, v:1, k:ed@casais, mode:FULL, rate:0
2026-03-19 04:22:26, EXEC, v:1, k:ed@casais, mode:FULL, rate:75, size:31
2026-03-19 04:22:31, EXEC, v:1, k:ed@casais, mode:FULL, rate:75, size:31
2026-03-19 04:22:58, EXEC, v:1, k:ed@casais, mode:FULL, rate:0, size:31
2026-03-19 04:23:27, EXEC, v:1, k:ed@casais, mode:FULL, rate:0, size:32
2026-03-19 04:25:25, EXEC, v:1, k:ed@casais, mode:FULL, rate:0, size:31
2026-03-19 04:25:33, EXEC, v:1, k:ed@casais, mode:FULL, rate:75, size:31
2026-03-19 04:26:23, EXEC, v:1, k:ed@casais, mode:FULL, rate:0, size:31
2026-03-19 04:28:43, EXEC, v:1, k:ed@casais, mode:FULL, rate:0, size:31
2026-03-19 04:28:50, EXEC, v:1, k:ed@casais, mode:FULL, rate:75, size:30
2026-03-19 04:29:08, MOVE, v:1, k:ed@casais, mode:PICK
2026-03-19 04:29:09, EXEC, v:1, k:ed@casais, mode:FULL, rate:75
2026-03-19 04:29:22, MOVE, v:1, k:ed@casais, mode:PICK
2026-03-19 04:29:25, EXEC, v:1, k:ed@casais, mode:FULL, rate:75
2026-03-19 04:32:00, EXEC, v:1, k:ed@casais, mode:FULL, rate:100, size:31
2026-03-19 04:32:50, MOVE, v:1, k:ed@casais, mode:BACK
2026-03-19 04:33:48, SELF, v:1, k:ed@casais, self:1, rate:100, study:45, friend:nao
2026-03-19 04:34:52, MOVE, v:1, k:ed@baruel, mode:DOWN
2026-03-19 04:34:53, MOVE, v:1, k:ed@baruel, mode:PICK
