2026-06-01 00:01:27, MOVE, v:1, k:ed@labirinto, mode:EDIT
2026-06-01 00:03:33, EXEC, v:1, k:ed@labirinto, mode:FULL, rate:0
2026-06-01 00:03:35, MOVE, v:1, k:ed@labirinto, mode:BACK
2026-06-01 00:03:37, MOVE, v:1, k:ed@labirinto, mode:PICK
2026-06-01 00:03:38, EXEC, v:1, k:ed@labirinto, mode:FULL, rate:0
2026-06-01 00:05:17, EXEC, v:1, k:ed@labirinto, mode:FULL, rate:0, size:95
2026-06-01 00:06:24, MOVE, v:1, k:ed@labirinto, mode:EDIT
2026-06-01 00:05:17, MOVE, v:1, k:ed@labirinto, mode:EDIT
2026-06-01 00:08:12, EXEC, v:1, k:ed@labirinto, mode:FULL, size:96, fail:COMP
2026-06-01 00:08:32, EXEC, v:1, k:ed@labirinto, mode:FULL, rate:0, size:94
2026-06-01 00:09:13, EXEC, v:1, k:ed@labirinto, mode:FULL, size:94, fail:COMP
2026-06-01 00:09:24, EXEC, v:1, k:ed@labirinto, mode:FULL, rate:0, size:94
2026-06-01 00:11:30, EXEC, v:1, k:ed@labirinto, mode:FULL, rate:0, size:94
2026-06-01 00:11:25, MOVE, v:1, k:ed@labirinto, mode:EDIT
2026-06-01 00:11:29, MOVE, v:1, k:ed@labirinto, mode:EDIT
2026-06-01 00:11:51, EXEC, v:1, k:ed@labirinto, mode:FULL, rate:0, size:94
2026-06-01 00:12:49, MOVE, v:1, k:ed@labirinto, mode:BACK
2026-06-01 00:12:58, MOVE, v:1, k:ed@labirinto, mode:PICK
2026-06-01 00:12:59, EXEC, v:1, k:ed@labirinto, mode:FULL, rate:0
2026-06-01 00:13:00, MOVE, v:1, k:ed@labirinto, mode:BACK
2026-06-01 00:13:57, MOVE, v:1, k:ed@labirinto, mode:PICK
2026-06-01 00:13:57, EXEC, v:1, k:ed@labirinto, mode:FULL, rate:0
2026-06-01 00:14:04, EXEC, v:1, k:ed@labirinto, mode:FULL, rate:0
2026-06-01 00:14:28, SELF, v:1, k:ed@labirinto, self:1
2026-06-01 00:14:31, EXEC, v:1, k:ed@labirinto, mode:FULL, rate:0
2026-06-01 00:16:20, EXEC, v:1, k:ed@labirinto, mode:FULL, size:95, fail:COMP
2026-06-01 00:16:28, EXEC, v:1, k:ed@labirinto, mode:FULL, rate:0, size:95
2026-06-01 00:16:27, MOVE, v:1, k:ed@labirinto, mode:EDIT
2026-06-01 00:16:27, MOVE, v:1, k:ed@labirinto, mode:EDIT
2026-06-01 00:17:20, EXEC, v:1, k:ed@labirinto, mode:FULL, rate:0
2026-06-01 00:21:19, EXEC, v:1, k:ed@labirinto, mode:FULL, rate:0
2026-06-01 00:21:20, MOVE, v:1, k:ed@labirinto, mode:BACK
2026-06-01 00:21:19, MOVE, v:1, k:ed@labirinto, mode:EDIT
2026-06-01 00:22:32, MOVE, v:1, k:ed@labirinto, mode:PICK
2026-06-01 00:22:33, EXEC, v:1, k:ed@labirinto, mode:FULL, rate:0
2026-06-01 00:24:10, EXEC, v:1, k:ed@labirinto, mode:FULL, rate:0, size:96
2026-06-01 00:24:45, EXEC, v:1, k:ed@labirinto, mode:FULL, rate:0, size:97
2026-06-01 00:24:45, MOVE, v:1, k:ed@labirinto, mode:EDIT
2026-06-01 00:26:30, MOVE, v:1, k:ed@labirinto, mode:EDIT
2026-06-01 00:27:24, EXEC, v:1, k:ed@labirinto, mode:FULL, rate:0, size:93
2026-06-01 00:30:17, EXEC, v:1, k:ed@labirinto, mode:FULL, rate:0, size:91
2026-06-01 00:30:57, EXEC, v:1, k:ed@labirinto, mode:FULL, rate:16, size:92
2026-06-01 00:31:30, MOVE, v:1, k:ed@labirinto, mode:EDIT
2026-06-01 00:30:57, MOVE, v:1, k:ed@labirinto, mode:EDIT
2026-06-01 00:31:58, EXEC, v:1, k:ed@labirinto, mode:FULL, rate:100, size:93
2026-06-01 00:31:59, MOVE, v:1, k:ed@labirinto, mode:BACK
2026-06-01 00:32:03, MOVE, v:1, k:ed@labirinto, mode:PICK
2026-06-01 00:32:04, EXEC, v:1, k:ed@labirinto, mode:FULL, rate:100
2026-06-01 00:33:20, EXEC, v:1, k:ed@labirinto, mode:FULL, rate:100, size:93
2026-06-01 00:33:21, MOVE, v:1, k:ed@labirinto, mode:BACK
