2026-04-29 00:00:34, MOVE, v:1, k:ed@vetbuild, mode:EDIT
2026-04-29 00:06:00, MOVE, v:1, k:ed@vetbuild, mode:EDIT
2026-04-29 00:10:35, MOVE, v:1, k:ed@vetbuild, mode:EDIT
2026-04-29 00:18:24, EXEC, v:1, k:ed@vetbuild, mode:FULL, rate:72, size:241
2026-04-29 00:19:27, MOVE, v:1, k:ed@vetbuild, mode:BACK
2026-04-29 00:18:22, MOVE, v:1, k:ed@vetbuild, mode:EDIT
2026-04-29 00:18:24, MOVE, v:1, k:ed@vetbuild, mode:EDIT
2026-04-29 01:11:47, MOVE, v:1, k:ed@vetbuild, mode:PICK
2026-04-29 01:11:55, EXEC, v:1, k:ed@vetbuild, mode:FULL, rate:72
2026-04-29 01:13:00, EXEC, v:1, k:ed@vetbuild, mode:FULL, rate:72
2026-04-29 01:13:00, MOVE, v:1, k:ed@vetbuild, mode:EDIT
2026-04-29 01:15:42, MOVE, v:1, k:ed@vetbuild, mode:EDIT
2026-04-29 01:16:32, EXEC, v:1, k:ed@vetbuild, mode:FULL, rate:72, size:248
2026-04-29 01:16:52, EXEC, v:1, k:ed@vetbuild, mode:FULL, rate:72, size:248
2026-04-29 01:18:35, EXEC, v:1, k:ed@vetbuild, mode:FULL, rate:72, size:260
2026-04-29 01:18:41, EXEC, v:1, k:ed@vetbuild, mode:FULL, rate:72, size:260
2026-04-29 01:20:53, MOVE, v:1, k:ed@vetbuild, mode:EDIT
2026-04-29 01:18:41, MOVE, v:1, k:ed@vetbuild, mode:EDIT
2026-04-29 01:26:14, MOVE, v:1, k:ed@vetbuild, mode:EDIT
2026-04-29 01:29:25, EXEC, v:1, k:ed@vetbuild, mode:FULL, rate:81, size:267
2026-04-29 01:31:09, MOVE, v:1, k:ed@vetbuild, mode:EDIT
2026-04-29 01:29:25, MOVE, v:1, k:ed@vetbuild, mode:EDIT
2026-04-29 01:35:01, MOVE, v:1, k:ed@vetbuild, mode:EDIT
2026-04-29 01:37:34, EXEC, v:1, k:ed@vetbuild, mode:FULL, size:279, fail:COMP
2026-04-29 01:37:41, EXEC, v:1, k:ed@vetbuild, mode:FULL, rate:81, size:279
2026-04-29 01:39:48, EXEC, v:1, k:ed@vetbuild, mode:FULL, rate:81, size:279
2026-04-29 01:41:19, MOVE, v:1, k:ed@vetbuild, mode:EDIT
2026-04-29 01:39:48, MOVE, v:1, k:ed@vetbuild, mode:EDIT
2026-04-29 01:46:14, EXEC, v:1, k:ed@vetbuild, mode:FULL, rate:81, size:293
2026-04-29 01:46:12, MOVE, v:1, k:ed@vetbuild, mode:EDIT
2026-04-29 01:46:14, MOVE, v:1, k:ed@vetbuild, mode:EDIT
2026-04-29 01:46:48, EXEC, v:1, k:ed@vetbuild, mode:FULL, rate:81, size:293
2026-04-29 01:47:20, EXEC, v:1, k:ed@vetbuild, mode:FULL, rate:81, size:294
2026-04-29 01:47:31, EXEC, v:1, k:ed@vetbuild, mode:FULL, rate:81
2026-04-29 01:47:35, SELF, v:1, k:ed@vetbuild, self:1, rate:81
2026-04-29 01:47:49, EXEC, v:1, k:ed@vetbuild, mode:FULL, rate:90, size:294
2026-04-29 01:50:33, EXEC, v:1, k:ed@vetbuild, mode:FULL, rate:100, size:313
2026-04-29 01:50:37, MOVE, v:1, k:ed@vetbuild, mode:BACK
2026-04-29 01:50:27, MOVE, v:1, k:ed@vetbuild, mode:EDIT
2026-04-29 01:50:32, MOVE, v:1, k:ed@vetbuild, mode:EDIT
2026-04-29 01:51:32, SELF, v:1, k:ed@vetbuild, self:1, rate:100, study:270
