2026-06-30 23:01:43, MOVE, v:1, k:ed@serial, mode:PICK
2026-06-30 23:01:45, EXEC, v:1, k:ed@serial, mode:FULL, fail:COMP
2026-06-30 23:02:01, EXEC, v:1, k:ed@serial, mode:FULL, fail:COMP
2026-06-30 23:07:44, MOVE, v:1, k:ed@serial, mode:BACK
2026-06-30 23:07:47, MOVE, v:1, k:ed@serial, mode:PICK
2026-06-30 23:07:48, EXEC, v:1, k:ed@serial, mode:FULL, fail:COMP
2026-06-30 23:07:50, MOVE, v:1, k:ed@serial, mode:BACK
2026-06-30 23:07:53, MOVE, v:1, k:ed@serial, mode:PICK
2026-06-30 23:11:16, MOVE, v:1, k:ed@serial, mode:EDIT
2026-06-30 23:12:52, EXEC, v:1, k:ed@serial, mode:FULL, size:75, fail:COMP
2026-06-30 23:13:22, EXEC, v:1, k:ed@serial, mode:FULL, rate:0, size:72
2026-06-30 23:15:43, MOVE, v:1, k:ed@serial, mode:EDIT
2026-06-30 23:13:22, MOVE, v:1, k:ed@serial, mode:EDIT
2026-06-30 23:17:56, MOVE, v:1, k:ed@serial, mode:BACK
2026-06-30 23:18:06, MOVE, v:1, k:ed@serial, mode:PICK
2026-06-30 23:18:07, EXEC, v:1, k:ed@serial, mode:FULL, size:75, fail:COMP
2026-06-30 23:16:44, MOVE, v:1, k:ed@serial, mode:EDIT
2026-06-30 23:22:40, MOVE, v:1, k:ed@serial, mode:BACK
2026-06-30 23:23:09, MOVE, v:1, k:ed@queimando, mode:PICK
2026-06-30 23:23:29, EXEC, v:1, k:ed@queimando, mode:FULL, rate:100
2026-06-30 23:24:48, MOVE, v:1, k:ed@queimando, mode:BACK
2026-06-30 23:23:29, MOVE, v:1, k:ed@queimando, mode:EDIT
2026-06-30 23:26:40, MOVE, v:1, k:ed@serial, mode:PICK
2026-06-30 23:26:41, EXEC, v:1, k:ed@serial, mode:FULL, fail:COMP
2026-06-30 23:26:43, MOVE, v:1, k:ed@serial, mode:BACK
2026-06-30 23:26:48, MOVE, v:1, k:ed@serial, mode:PICK
2026-06-30 23:28:12, EXEC, v:1, k:ed@serial, mode:FULL, rate:0, size:72
2026-06-30 23:28:11, MOVE, v:1, k:ed@serial, mode:EDIT
2026-06-30 23:28:11, MOVE, v:1, k:ed@serial, mode:EDIT
